Loaded backend TkAgg version unknown.
From E:\Anaconda3\envs\cra\lib\site-packages\keras\backend\tensorflow_backend.py:74: The name tf.get_default_graph is deprecated. Please use tf.compat.v1.get_default_graph instead.

From E:\Anaconda3\envs\cra\lib\site-packages\keras\backend\tensorflow_backend.py:517: The name tf.placeholder is deprecated. Please use tf.compat.v1.placeholder instead.

From E:\Anaconda3\envs\cra\lib\site-packages\keras\backend\tensorflow_backend.py:4138: The name tf.random_uniform is deprecated. Please use tf.random.uniform instead.

From E:\Anaconda3\envs\cra\lib\site-packages\keras\backend\tensorflow_backend.py:133: The name tf.placeholder_with_default is deprecated. Please use tf.compat.v1.placeholder_with_default instead.

From E:\Anaconda3\envs\cra\lib\site-packages\keras\backend\tensorflow_backend.py:3445: calling dropout (from tensorflow.python.ops.nn_ops) with keep_prob is deprecated and will be removed in a future version.
Instructions for updating:
Please use `rate` instead of `keep_prob`. Rate should be set to `rate = 1 - keep_prob`.
From E:\Anaconda3\envs\cra\lib\site-packages\keras\optimizers.py:790: The name tf.train.Optimizer is deprecated. Please use tf.compat.v1.train.Optimizer instead.

LR: 0.001, DF: 0, TU: [1, 2], DRT: 0.2
From E:\Anaconda3\envs\cra\lib\site-packages\keras\backend\tensorflow_backend.py:2741: The name tf.Session is deprecated. Please use tf.compat.v1.Session instead.

From E:\Anaconda3\envs\cra\lib\site-packages\tensorflow\python\ops\math_grad.py:1250: add_dispatch_support.<locals>.wrapper (from tensorflow.python.ops.array_ops) is deprecated and will be removed in a future version.
Instructions for updating:
Use tf.where in 2.0, which has the same broadcast rule as np.where
findfont: Matching :family=sans-serif:style=normal:variant=normal:weight=normal:stretch=normal:size=10.0.
findfont: score(<Font 'DejaVu Sans' (DejaVuSans-Oblique.ttf) oblique normal 400 normal>) = 1.05
findfont: score(<Font 'DejaVu Sans' (DejaVuSans-BoldOblique.ttf) oblique normal bold normal>) = 1.335
findfont: score(<Font 'DejaVu Serif' (DejaVuSerif-BoldItalic.ttf) italic normal bold normal>) = 11.335
findfont: score(<Font 'STIXSizeFourSym' (STIXSizFourSymReg.ttf) normal normal regular normal>) = 10.05
findfont: score(<Font 'STIXNonUnicode' (STIXNonUni.ttf) normal normal regular normal>) = 10.05
findfont: score(<Font 'STIXGeneral' (STIXGeneral.ttf) normal normal regular normal>) = 10.05
findfont: score(<Font 'STIXSizeTwoSym' (STIXSizTwoSymReg.ttf) normal normal regular normal>) = 10.05
findfont: score(<Font 'STIXSizeOneSym' (STIXSizOneSymBol.ttf) normal normal bold normal>) = 10.335
findfont: score(<Font 'DejaVu Sans Mono' (DejaVuSansMono-Oblique.ttf) oblique normal 400 normal>) = 11.05
findfont: score(<Font 'STIXGeneral' (STIXGeneralItalic.ttf) italic normal 400 normal>) = 11.05
findfont: score(<Font 'DejaVu Sans Mono' (DejaVuSansMono.ttf) normal normal 400 normal>) = 10.05
findfont: score(<Font 'DejaVu Serif' (DejaVuSerif.ttf) normal normal 400 normal>) = 10.05
findfont: score(<Font 'STIXSizeTwoSym' (STIXSizTwoSymBol.ttf) normal normal bold normal>) = 10.335
findfont: score(<Font 'cmsy10' (cmsy10.ttf) normal normal 400 normal>) = 10.05
findfont: score(<Font 'STIXNonUnicode' (STIXNonUniIta.ttf) italic normal 400 normal>) = 11.05
findfont: score(<Font 'STIXNonUnicode' (STIXNonUniBol.ttf) normal normal bold normal>) = 10.335
findfont: score(<Font 'cmmi10' (cmmi10.ttf) normal normal 400 normal>) = 10.05
findfont: score(<Font 'STIXSizeFiveSym' (STIXSizFiveSymReg.ttf) normal normal regular normal>) = 10.05
findfont: score(<Font 'STIXSizeFourSym' (STIXSizFourSymBol.ttf) normal normal bold normal>) = 10.335
findfont: score(<Font 'DejaVu Sans Mono' (DejaVuSansMono-BoldOblique.ttf) oblique normal bold normal>) = 11.335
findfont: score(<Font 'DejaVu Sans' (DejaVuSans-Bold.ttf) normal normal bold normal>) = 0.33499999999999996
findfont: score(<Font 'DejaVu Serif Display' (DejaVuSerifDisplay.ttf) normal normal 400 normal>) = 10.05
findfont: score(<Font 'DejaVu Sans Mono' (DejaVuSansMono-Bold.ttf) normal normal bold normal>) = 10.335
findfont: score(<Font 'STIXGeneral' (STIXGeneralBolIta.ttf) italic normal bold normal>) = 11.335
findfont: score(<Font 'DejaVu Serif' (DejaVuSerif-Bold.ttf) normal normal bold normal>) = 10.335
findfont: score(<Font 'cmss10' (cmss10.ttf) normal normal 400 normal>) = 10.05
findfont: score(<Font 'cmtt10' (cmtt10.ttf) normal normal 400 normal>) = 10.05
findfont: score(<Font 'STIXSizeOneSym' (STIXSizOneSymReg.ttf) normal normal regular normal>) = 10.05
findfont: score(<Font 'DejaVu Serif' (DejaVuSerif-Italic.ttf) italic normal 400 normal>) = 11.05
findfont: score(<Font 'STIXSizeThreeSym' (STIXSizThreeSymBol.ttf) normal normal bold normal>) = 10.335
findfont: score(<Font 'cmb10' (cmb10.ttf) normal normal 400 normal>) = 10.05
findfont: score(<Font 'STIXGeneral' (STIXGeneralBol.ttf) normal normal bold normal>) = 10.335
findfont: score(<Font 'STIXSizeThreeSym' (STIXSizThreeSymReg.ttf) normal normal regular normal>) = 10.05
findfont: score(<Font 'DejaVu Sans Display' (DejaVuSansDisplay.ttf) normal normal 400 normal>) = 10.05
findfont: score(<Font 'cmr10' (cmr10.ttf) normal normal 400 normal>) = 10.05
findfont: score(<Font 'DejaVu Sans' (DejaVuSans.ttf) normal normal 400 normal>) = 0.05
findfont: score(<Font 'STIXNonUnicode' (STIXNonUniBolIta.ttf) italic normal bold normal>) = 11.335
findfont: score(<Font 'cmex10' (cmex10.ttf) normal normal 400 normal>) = 10.05
findfont: score(<Font 'Georgia' (georgiaz.ttf) italic normal bold normal>) = 11.335
findfont: score(<Font 'Arial' (ARIALNBI.TTF) italic normal bold condensed>) = 7.8986363636363635
findfont: score(<Font 'Calibri' (calibriz.ttf) italic normal bold normal>) = 11.335
findfont: score(<Font 'Calibri' (calibrib.ttf) normal normal bold normal>) = 10.335
findfont: score(<Font 'Segoe Print' (segoepr.ttf) normal normal 400 normal>) = 10.05
findfont: score(<Font 'Segoe UI' (segoeuil.ttf) normal normal light normal>) = 10.24
findfont: score(<Font 'Tahoma' (tahomabd.ttf) normal normal bold normal>) = 10.335
findfont: score(<Font 'Gabriola' (Gabriola.ttf) normal normal 400 normal>) = 10.05
findfont: score(<Font 'Book Antiqua' (BKANT.TTF) normal normal book normal>) = 10.05
findfont: score(<Font 'Calibri' (calibri.ttf) normal normal 400 normal>) = 10.05
findfont: score(<Font 'Palatino Linotype' (palabi.ttf) italic normal bold normal>) = 11.335
findfont: score(<Font 'HYHeadLine-Medium' (H2HDRM.TTF) normal normal medium normal>) = 10.145
findfont: score(<Font 'Segoe UI Historic' (seguihis.ttf) normal normal 400 normal>) = 10.05
findfont: score(<Font 'Consolas' (consolaz.ttf) italic normal bold normal>) = 11.335
findfont: score(<Font 'HYMyeongJo-Extra' (H2MJRE.TTF) normal normal 400 normal>) = 10.05
findfont: score(<Font 'HYPost-Medium' (H2PORM.TTF) normal normal medium normal>) = 10.145
findfont: score(<Font 'Microsoft Uighur' (MSUIGHUB.TTF) normal normal bold normal>) = 10.335
findfont: score(<Font 'MingLiU-ExtB' (mingliub.ttc) normal normal 400 normal>) = 10.05
findfont: score(<Font 'Malgun Gothic' (malgunsl.ttf) normal normal light normal>) = 10.24
findfont: score(<Font 'Times New Roman' (timesbd.ttf) normal normal roman normal>) = 10.145
findfont: score(<Font 'HYPMokGak-Bold' (H2MKPB.TTF) normal normal bold normal>) = 10.335
findfont: score(<Font 'HYGungSo-Bold' (H2GSRB.TTF) normal normal bold normal>) = 10.335
findfont: score(<Font 'Microsoft JhengHei' (msjh.ttc) normal normal 400 normal>) = 10.05
findfont: score(<Font 'Trebuchet MS' (trebuc.ttf) normal normal 400 normal>) = 10.05
findfont: score(<Font 'Sitka Small' (SitkaZ.ttc) italic normal bold normal>) = 11.335
findfont: score(<Font 'HCR Dotum' (HANDotum.ttf) normal normal 400 normal>) = 10.05
findfont: score(<Font 'Microsoft Yi Baiti' (msyi.ttf) normal normal 400 normal>) = 10.05
findfont: score(<Font 'Arial' (arialbd.ttf) normal normal bold normal>) = 6.698636363636363
findfont: score(<Font 'Ebrima' (ebrimabd.ttf) normal normal bold normal>) = 10.335
findfont: score(<Font 'Microsoft New Tai Lue' (ntailu.ttf) normal normal 400 normal>) = 10.05
findfont: score(<Font 'Sitka Small' (SitkaB.ttc) normal normal bold normal>) = 10.335
findfont: score(<Font 'Comic Sans MS' (comicz.ttf) italic normal bold normal>) = 11.335
findfont: score(<Font 'Segoe Print' (segoeprb.ttf) normal normal bold normal>) = 10.335
findfont: score(<Font 'Segoe Script' (segoesc.ttf) normal normal 400 normal>) = 10.05
findfont: score(<Font 'Courier New' (courbi.ttf) italic normal bold normal>) = 11.335
findfont: score(<Font 'NewJumja' (JUMJA.TTF) normal normal 400 normal>) = 10.05
findfont: score(<Font 'Book Antiqua' (ANTQUAB.TTF) normal normal book normal>) = 10.05
findfont: score(<Font 'Times New Roman' (timesi.ttf) italic normal roman normal>) = 11.145
findfont: score(<Font 'Ebrima' (ebrima.ttf) normal normal 400 normal>) = 10.05
findfont: score(<Font 'TeamViewer14' (teamviewer14.otf) normal normal 400 normal>) = 10.05
findfont: score(<Font 'Microsoft Uighur' (MSUIGHUR.TTF) normal normal 400 normal>) = 10.05
findfont: score(<Font 'Marlett' (marlett.ttf) normal normal 400 normal>) = 10.05
findfont: score(<Font 'Candara' (Candarali.ttf) italic normal light normal>) = 11.24
findfont: score(<Font 'Corbel' (corbelb.ttf) normal normal bold normal>) = 10.335
findfont: score(<Font 'Verdana' (verdanai.ttf) italic normal 400 normal>) = 4.6863636363636365
findfont: score(<Font 'Arial' (ariali.ttf) italic normal 400 normal>) = 7.413636363636363
findfont: score(<Font 'Leelawadee UI' (LeelUIsl.ttf) normal normal light normal>) = 10.24
findfont: score(<Font 'Dubai' (DUBAI-BOLD.TTF) normal normal bold normal>) = 10.335
findfont: score(<Font 'Gadugi' (gadugi.ttf) normal normal 400 normal>) = 10.05
findfont: score(<Font 'Impact' (impact.ttf) normal normal 400 normal>) = 10.05
findfont: score(<Font 'Segoe UI' (seguisbi.ttf) italic normal semibold normal>) = 11.24
findfont: score(<Font 'Courier New' (courbd.ttf) normal normal bold normal>) = 10.335
findfont: score(<Font 'Comic Sans MS' (comici.ttf) italic normal 400 normal>) = 11.05
findfont: score(<Font 'Segoe Script' (segoescb.ttf) normal normal bold normal>) = 10.335
findfont: score(<Font 'Garamond' (GARABD.TTF) normal normal bold normal>) = 10.335
findfont: score(<Font 'Calibri' (calibrili.ttf) italic normal light normal>) = 11.24
findfont: score(<Font 'Segoe UI' (seguibli.ttf) italic normal black normal>) = 11.525
findfont: score(<Font 'Microsoft Tai Le' (taileb.ttf) normal normal bold normal>) = 10.335
findfont: score(<Font 'Microsoft Sans Serif' (micross.ttf) normal normal 400 normal>) = 10.05
findfont: score(<Font 'Microsoft JhengHei' (msjhbd.ttc) normal normal bold normal>) = 10.335
findfont: score(<Font 'Bookshelf Symbol 7' (BSSYM7.TTF) normal normal book normal>) = 10.05
findfont: score(<Font 'Bookman Old Style' (BOOKOSI.TTF) italic normal book normal>) = 11.05
findfont: score(<Font 'Magic R' (HMKMMAG.TTF) normal normal 400 normal>) = 10.05
findfont: score(<Font 'Segoe UI' (seguibl.ttf) normal normal black normal>) = 10.525
findfont: score(<Font 'MS Reference Sans Serif' (REFSAN.TTF) normal normal 400 normal>) = 10.05
findfont: score(<Font 'Sitka Small' (Sitka.ttc) normal normal 400 normal>) = 10.05
findfont: score(<Font 'Tahoma' (tahoma.ttf) normal normal 400 normal>) = 10.05
findfont: score(<Font 'Bookman Old Style' (BOOKOS.TTF) normal normal book normal>) = 10.05
findfont: score(<Font 'Monotype Corsiva' (MTCORSVA.TTF) normal normal 400 normal>) = 10.05
findfont: score(<Font 'Dubai' (DUBAI-REGULAR.TTF) normal normal regular normal>) = 10.05
findfont: score(<Font 'Microsoft New Tai Lue' (ntailub.ttf) normal normal bold normal>) = 10.335
findfont: score(<Font 'Palatino Linotype' (pala.ttf) normal normal 400 normal>) = 10.05
findfont: score(<Font 'Corbel' (corbelz.ttf) italic normal bold normal>) = 11.335
findfont: score(<Font 'Microsoft JhengHei' (msjhl.ttc) normal normal light normal>) = 10.24
findfont: score(<Font 'Georgia' (georgiab.ttf) normal normal bold normal>) = 10.335
findfont: score(<Font 'Segoe UI' (segoeuib.ttf) normal normal bold normal>) = 10.335
findfont: score(<Font 'Microsoft YaHei' (msyhl.ttc) normal normal light normal>) = 10.24
findfont: score(<Font 'Segoe MDL2 Assets' (segmdl2.ttf) normal normal 400 normal>) = 10.05
findfont: score(<Font 'NanumGothic' (NanumGothicBold.ttf) normal normal bold normal>) = 10.335
findfont: score(<Font 'Ami R' (HMKMAMI.TTF) normal normal 400 normal>) = 10.05
findfont: score(<Font 'Century Gothic' (GOTHIC.TTF) normal normal 400 normal>) = 10.05
findfont: score(<Font 'Constantia' (constani.ttf) italic normal 400 normal>) = 11.05
findfont: score(<Font 'Segoe UI' (segoeuisl.ttf) normal normal light normal>) = 10.24
findfont: score(<Font 'Segoe UI' (segoeui.ttf) normal normal 400 normal>) = 10.05
findfont: score(<Font 'Corbel' (corbelli.ttf) italic normal light normal>) = 11.24
findfont: score(<Font 'Courier New' (couri.ttf) italic normal 400 normal>) = 11.05
findfont: score(<Font 'Constantia' (constanz.ttf) italic normal bold normal>) = 11.335
findfont: score(<Font 'Wingdings 3' (WINGDNG3.TTF) normal normal 400 normal>) = 10.05
findfont: score(<Font 'Century Gothic' (GOTHICI.TTF) italic normal 400 normal>) = 11.05
findfont: score(<Font 'MT Extra' (MTEXTRA.TTF) normal normal 400 normal>) = 10.05
findfont: score(<Font 'Candara' (Candaral.ttf) normal normal light normal>) = 10.24
findfont: score(<Font 'Dubai' (DUBAI-MEDIUM.TTF) normal normal medium normal>) = 10.145
findfont: score(<Font 'Palatino Linotype' (palab.ttf) normal normal bold normal>) = 10.335
findfont: score(<Font 'Leelawadee UI' (LeelawUI.ttf) normal normal 400 normal>) = 10.05
findfont: score(<Font 'Symbol' (symbol.ttf) normal normal 400 normal>) = 10.05
findfont: score(<Font 'Segoe UI' (seguisli.ttf) italic normal light normal>) = 11.24
findfont: score(<Font 'HYSinMyeongJo-Medium' (H2MJSM.TTF) normal normal medium normal>) = 10.145
findfont: score(<Font 'Microsoft YaHei' (msyh.ttc) normal normal 400 normal>) = 10.05
findfont: score(<Font 'Nirmala UI' (Nirmala.ttf) normal normal 400 normal>) = 10.05
findfont: score(<Font 'Yet R' (HMFMOLD.TTF) normal normal 400 normal>) = 10.05
findfont: score(<Font 'Nirmala UI' (NirmalaS.ttf) normal normal light normal>) = 10.24
findfont: score(<Font 'MS Reference Specialty' (REFSPCL.TTF) normal normal 400 normal>) = 10.05
findfont: score(<Font 'Myanmar Text' (mmrtextb.ttf) normal normal bold normal>) = 10.335
findfont: score(<Font 'MoeumT R' (HMFMMUEX.TTC) normal normal 400 normal>) = 10.05
findfont: score(<Font 'Corbel' (corbell.ttf) normal normal light normal>) = 10.24
findfont: score(<Font 'Cambria' (cambriaz.ttf) italic normal bold normal>) = 11.335
findfont: score(<Font 'Microsoft YaHei' (msyhbd.ttc) normal normal bold normal>) = 10.335
findfont: score(<Font 'Microsoft Himalaya' (himalaya.ttf) normal normal 400 normal>) = 10.05
findfont: score(<Font 'New Gulim' (NGULIM.TTF) normal normal 400 normal>) = 10.05
findfont: score(<Font 'Leelawadee' (LEELAWAD.TTF) normal normal 400 normal>) = 10.05
findfont: score(<Font 'Cambria' (cambria.ttc) normal normal 400 normal>) = 10.05
findfont: score(<Font 'Leelawadee' (LEELAWDB.TTF) normal normal bold normal>) = 10.335
findfont: score(<Font 'Courier New' (cour.ttf) normal normal 400 normal>) = 10.05
findfont: score(<Font 'Malgun Gothic' (malgunbd.ttf) normal normal bold normal>) = 10.335
findfont: score(<Font 'Microsoft PhagsPa' (phagspab.ttf) normal normal bold normal>) = 10.335
findfont: score(<Font 'Segoe UI' (segoeuiz.ttf) italic normal bold normal>) = 11.335
findfont: score(<Font 'HyhwpEQ' (HYHWPEQ.TTF) normal normal 400 normal>) = 10.05
findfont: score(<Font 'Javanese Text' (javatext.ttf) normal normal 400 normal>) = 10.05
findfont: score(<Font 'Bookman Old Style' (BOOKOSBI.TTF) italic normal book normal>) = 11.05
findfont: score(<Font 'Trebuchet MS' (trebucit.ttf) italic normal 400 normal>) = 11.05
findfont: score(<Font 'Georgia' (georgiai.ttf) italic normal 400 normal>) = 11.05
findfont: score(<Font 'Arial' (ARIALN.TTF) normal normal 400 condensed>) = 6.613636363636363
findfont: score(<Font 'MS Gothic' (msgothic.ttc) normal normal 400 normal>) = 10.05
findfont: score(<Font 'Book Antiqua' (ANTQUAI.TTF) italic normal book normal>) = 11.05
findfont: score(<Font 'SimSun' (simsun.ttc) normal normal 400 normal>) = 10.05
findfont: score(<Font 'Segoe UI' (segoeuii.ttf) italic normal 400 normal>) = 11.05
findfont: score(<Font 'Franklin Gothic Medium' (framd.ttf) normal normal medium normal>) = 10.145
findfont: score(<Font 'Webdings' (webdings.ttf) normal normal 400 normal>) = 10.05
findfont: score(<Font 'HYShortSamul-Medium' (H2SA1M.TTF) normal normal medium normal>) = 10.145
findfont: score(<Font 'Lucida Console' (lucon.ttf) normal normal 400 normal>) = 10.05
findfont: score(<Font 'Corbel' (corbeli.ttf) italic normal 400 normal>) = 11.05
findfont: score(<Font 'Times New Roman' (times.ttf) normal normal roman normal>) = 10.145
findfont: score(<Font 'Bookman Old Style' (BOOKOSB.TTF) normal normal book normal>) = 10.05
findfont: score(<Font 'Pyunji R' (HMFMPYUN.TTF) normal normal 400 normal>) = 10.05
findfont: score(<Font 'Trebuchet MS' (trebucbd.ttf) normal normal bold normal>) = 10.335
findfont: score(<Font 'Verdana' (verdanaz.ttf) italic normal bold normal>) = 4.971363636363637
findfont: score(<Font 'Book Antiqua' (ANTQUABI.TTF) italic normal book normal>) = 11.05
findfont: score(<Font 'Candara' (Candarab.ttf) normal normal bold normal>) = 10.335
findfont: score(<Font 'Ink Free' (Inkfree.ttf) normal normal 400 normal>) = 10.05
findfont: score(<Font 'Dubai' (DUBAI-LIGHT.TTF) normal normal light normal>) = 10.24
findfont: score(<Font 'Lucida Sans Unicode' (l_10646.ttf) normal normal 400 normal>) = 10.05
findfont: score(<Font 'Leelawadee UI' (LeelaUIb.ttf) normal normal bold normal>) = 10.335
findfont: score(<Font 'Constantia' (constan.ttf) normal normal 400 normal>) = 10.05
findfont: score(<Font 'Segoe UI' (seguisb.ttf) normal normal semibold normal>) = 10.24
findfont: score(<Font 'Cambria' (cambriab.ttf) normal normal bold normal>) = 10.335
findfont: score(<Font 'Candara' (Candara.ttf) normal normal 400 normal>) = 10.05
findfont: score(<Font 'Times New Roman' (timesbi.ttf) italic normal roman normal>) = 11.145
findfont: score(<Font 'Franklin Gothic Medium' (framdit.ttf) italic normal medium normal>) = 11.145
findfont: score(<Font 'Yu Gothic' (YuGothM.ttc) normal normal medium normal>) = 10.145
findfont: score(<Font 'Century' (CENTURY.TTF) normal normal 400 normal>) = 10.05
findfont: score(<Font 'Candara' (Candaraz.ttf) italic normal bold normal>) = 11.335
findfont: score(<Font 'Verdana' (verdana.ttf) normal normal 400 normal>) = 3.6863636363636365
findfont: score(<Font 'Comic Sans MS' (comic.ttf) normal normal 400 normal>) = 10.05
findfont: score(<Font 'Microsoft PhagsPa' (phagspa.ttf) normal normal 400 normal>) = 10.05
findfont: score(<Font 'Segoe UI Symbol' (seguisym.ttf) normal normal 400 normal>) = 10.05
findfont: score(<Font 'HYGothic-Medium' (H2GTRM.TTF) normal normal medium normal>) = 10.145
findfont: score(<Font 'Yu Gothic' (YuGothB.ttc) normal normal bold normal>) = 10.335
findfont: score(<Font 'Arial' (ARIALNI.TTF) italic normal 400 condensed>) = 7.613636363636363
findfont: score(<Font 'Verdana' (verdanab.ttf) normal normal bold normal>) = 3.9713636363636367
findfont: score(<Font 'Gadugi' (gadugib.ttf) normal normal bold normal>) = 10.335
findfont: score(<Font 'Bahnschrift' (bahnschrift.ttf) normal normal 400 normal>) = 10.05
findfont: score(<Font 'Myanmar Text' (mmrtext.ttf) normal normal 400 normal>) = 10.05
findfont: score(<Font 'Gulim' (gulim.ttc) normal normal 400 normal>) = 10.05
findfont: score(<Font 'Calibri' (calibril.ttf) normal normal light normal>) = 10.24
findfont: score(<Font 'Mongolian Baiti' (monbaiti.ttf) normal normal 400 normal>) = 10.05
findfont: score(<Font 'Calibri' (calibrii.ttf) italic normal 400 normal>) = 11.05
findfont: score(<Font 'Comic Sans MS' (comicbd.ttf) normal normal bold normal>) = 10.335
findfont: score(<Font 'Wingdings 2' (WINGDNG2.TTF) normal normal 400 normal>) = 10.05
findfont: score(<Font 'Microsoft Tai Le' (taile.ttf) normal normal 400 normal>) = 10.05
findfont: score(<Font 'SimSun-ExtB' (simsunb.ttf) normal normal 400 normal>) = 10.05
findfont: score(<Font 'Consolas' (consolai.ttf) italic normal 400 normal>) = 11.05
findfont: score(<Font 'Corbel' (corbel.ttf) normal normal 400 normal>) = 10.05
findfont: score(<Font 'Georgia' (georgia.ttf) normal normal 400 normal>) = 10.05
findfont: score(<Font 'Consolas' (consola.ttf) normal normal 400 normal>) = 10.05
findfont: score(<Font 'Arial' (ARIALNB.TTF) normal normal bold condensed>) = 6.8986363636363635
findfont: score(<Font 'Yu Gothic' (YuGothR.ttc) normal normal regular normal>) = 10.05
findfont: score(<Font 'Segoe UI Emoji' (seguiemj.ttf) normal normal 400 normal>) = 10.05
findfont: score(<Font 'HYGraphic-Medium' (H2GPRM.TTF) normal normal medium normal>) = 10.145
findfont: score(<Font 'Century Gothic' (GOTHICBI.TTF) italic normal bold normal>) = 11.335
findfont: score(<Font 'Nirmala UI' (NirmalaB.ttf) normal normal bold normal>) = 10.335
findfont: score(<Font 'HoloLens MDL2 Assets' (holomdl2.ttf) normal normal 400 normal>) = 10.05
findfont: score(<Font 'NanumGothic' (NanumGothic.ttf) normal normal 400 normal>) = 10.05
findfont: score(<Font 'Wingdings' (wingding.ttf) normal normal 400 normal>) = 10.05
findfont: score(<Font 'HYPost-Light' (H2PORL.TTF) normal normal light normal>) = 10.24
findfont: score(<Font 'Arial' (arial.ttf) normal normal 400 normal>) = 6.413636363636363
findfont: score(<Font 'Palatino Linotype' (palai.ttf) italic normal 400 normal>) = 11.05
findfont: score(<Font 'Segoe UI' (seguili.ttf) italic normal light normal>) = 11.24
findfont: score(<Font 'Arial' (arialbi.ttf) italic normal bold normal>) = 7.698636363636363
findfont: score(<Font 'Trebuchet MS' (trebucbi.ttf) italic normal bold normal>) = 11.335
findfont: score(<Font 'Yu Gothic' (YuGothL.ttc) normal normal light normal>) = 10.24
findfont: score(<Font 'Batang' (batang.ttc) normal normal 400 normal>) = 10.05
findfont: score(<Font 'Sylfaen' (sylfaen.ttf) normal normal 400 normal>) = 10.05
findfont: score(<Font 'Headline R' (HMKMRHD.TTF) normal normal 400 normal>) = 10.05
findfont: score(<Font 'HCR Batang' (HANBatang.ttf) normal normal 400 normal>) = 10.05
findfont: score(<Font 'HYGothic-Extra' (H2GTRE.TTF) normal normal 400 normal>) = 10.05
findfont: score(<Font 'Constantia' (constanb.ttf) normal normal bold normal>) = 10.335
findfont: score(<Font 'Consolas' (consolab.ttf) normal normal bold normal>) = 10.335
findfont: score(<Font 'Garamond' (GARA.TTF) normal normal 400 normal>) = 10.05
findfont: score(<Font 'Century Gothic' (GOTHICB.TTF) normal normal bold normal>) = 10.335
findfont: score(<Font 'Cambria' (cambriai.ttf) italic normal 400 normal>) = 11.05
findfont: score(<Font 'Arial' (ariblk.ttf) normal normal black normal>) = 6.888636363636364
findfont: score(<Font 'Candara' (Candarai.ttf) italic normal 400 normal>) = 11.05
findfont: score(<Font 'Sitka Small' (SitkaI.ttc) italic normal 400 normal>) = 11.05
findfont: score(<Font 'Garamond' (GARAIT.TTF) italic normal 400 normal>) = 11.05
findfont: score(<Font 'MV Boli' (mvboli.ttf) normal normal 400 normal>) = 10.05
findfont: score(<Font 'Malgun Gothic' (malgun.ttf) normal normal 400 normal>) = 10.05
findfont: Matching :family=sans-serif:style=normal:variant=normal:weight=normal:stretch=normal:size=10.0 to DejaVu Sans ('E:\\Anaconda3\\envs\\cra\\lib\\site-packages\\matplotlib\\mpl-data\\fonts\\ttf\\DejaVuSans.ttf') with score of 0.050000.
findfont: Matching :family=sans-serif:style=normal:variant=normal:weight=normal:stretch=normal:size=12.0.
findfont: score(<Font 'DejaVu Sans' (DejaVuSans-Oblique.ttf) oblique normal 400 normal>) = 1.05
findfont: score(<Font 'DejaVu Sans' (DejaVuSans-BoldOblique.ttf) oblique normal bold normal>) = 1.335
findfont: score(<Font 'DejaVu Serif' (DejaVuSerif-BoldItalic.ttf) italic normal bold normal>) = 11.335
findfont: score(<Font 'STIXSizeFourSym' (STIXSizFourSymReg.ttf) normal normal regular normal>) = 10.05
findfont: score(<Font 'STIXNonUnicode' (STIXNonUni.ttf) normal normal regular normal>) = 10.05
findfont: score(<Font 'STIXGeneral' (STIXGeneral.ttf) normal normal regular normal>) = 10.05
findfont: score(<Font 'STIXSizeTwoSym' (STIXSizTwoSymReg.ttf) normal normal regular normal>) = 10.05
findfont: score(<Font 'STIXSizeOneSym' (STIXSizOneSymBol.ttf) normal normal bold normal>) = 10.335
findfont: score(<Font 'DejaVu Sans Mono' (DejaVuSansMono-Oblique.ttf) oblique normal 400 normal>) = 11.05
findfont: score(<Font 'STIXGeneral' (STIXGeneralItalic.ttf) italic normal 400 normal>) = 11.05
findfont: score(<Font 'DejaVu Sans Mono' (DejaVuSansMono.ttf) normal normal 400 normal>) = 10.05
findfont: score(<Font 'DejaVu Serif' (DejaVuSerif.ttf) normal normal 400 normal>) = 10.05
findfont: score(<Font 'STIXSizeTwoSym' (STIXSizTwoSymBol.ttf) normal normal bold normal>) = 10.335
findfont: score(<Font 'cmsy10' (cmsy10.ttf) normal normal 400 normal>) = 10.05
findfont: score(<Font 'STIXNonUnicode' (STIXNonUniIta.ttf) italic normal 400 normal>) = 11.05
findfont: score(<Font 'STIXNonUnicode' (STIXNonUniBol.ttf) normal normal bold normal>) = 10.335
findfont: score(<Font 'cmmi10' (cmmi10.ttf) normal normal 400 normal>) = 10.05
findfont: score(<Font 'STIXSizeFiveSym' (STIXSizFiveSymReg.ttf) normal normal regular normal>) = 10.05
findfont: score(<Font 'STIXSizeFourSym' (STIXSizFourSymBol.ttf) normal normal bold normal>) = 10.335
findfont: score(<Font 'DejaVu Sans Mono' (DejaVuSansMono-BoldOblique.ttf) oblique normal bold normal>) = 11.335
findfont: score(<Font 'DejaVu Sans' (DejaVuSans-Bold.ttf) normal normal bold normal>) = 0.33499999999999996
findfont: score(<Font 'DejaVu Serif Display' (DejaVuSerifDisplay.ttf) normal normal 400 normal>) = 10.05
findfont: score(<Font 'DejaVu Sans Mono' (DejaVuSansMono-Bold.ttf) normal normal bold normal>) = 10.335
findfont: score(<Font 'STIXGeneral' (STIXGeneralBolIta.ttf) italic normal bold normal>) = 11.335
findfont: score(<Font 'DejaVu Serif' (DejaVuSerif-Bold.ttf) normal normal bold normal>) = 10.335
findfont: score(<Font 'cmss10' (cmss10.ttf) normal normal 400 normal>) = 10.05
findfont: score(<Font 'cmtt10' (cmtt10.ttf) normal normal 400 normal>) = 10.05
findfont: score(<Font 'STIXSizeOneSym' (STIXSizOneSymReg.ttf) normal normal regular normal>) = 10.05
findfont: score(<Font 'DejaVu Serif' (DejaVuSerif-Italic.ttf) italic normal 400 normal>) = 11.05
findfont: score(<Font 'STIXSizeThreeSym' (STIXSizThreeSymBol.ttf) normal normal bold normal>) = 10.335
findfont: score(<Font 'cmb10' (cmb10.ttf) normal normal 400 normal>) = 10.05
findfont: score(<Font 'STIXGeneral' (STIXGeneralBol.ttf) normal normal bold normal>) = 10.335
findfont: score(<Font 'STIXSizeThreeSym' (STIXSizThreeSymReg.ttf) normal normal regular normal>) = 10.05
findfont: score(<Font 'DejaVu Sans Display' (DejaVuSansDisplay.ttf) normal normal 400 normal>) = 10.05
findfont: score(<Font 'cmr10' (cmr10.ttf) normal normal 400 normal>) = 10.05
findfont: score(<Font 'DejaVu Sans' (DejaVuSans.ttf) normal normal 400 normal>) = 0.05
findfont: score(<Font 'STIXNonUnicode' (STIXNonUniBolIta.ttf) italic normal bold normal>) = 11.335
findfont: score(<Font 'cmex10' (cmex10.ttf) normal normal 400 normal>) = 10.05
findfont: score(<Font 'Georgia' (georgiaz.ttf) italic normal bold normal>) = 11.335
findfont: score(<Font 'Arial' (ARIALNBI.TTF) italic normal bold condensed>) = 7.8986363636363635
findfont: score(<Font 'Calibri' (calibriz.ttf) italic normal bold normal>) = 11.335
findfont: score(<Font 'Calibri' (calibrib.ttf) normal normal bold normal>) = 10.335
findfont: score(<Font 'Segoe Print' (segoepr.ttf) normal normal 400 normal>) = 10.05
findfont: score(<Font 'Segoe UI' (segoeuil.ttf) normal normal light normal>) = 10.24
findfont: score(<Font 'Tahoma' (tahomabd.ttf) normal normal bold normal>) = 10.335
findfont: score(<Font 'Gabriola' (Gabriola.ttf) normal normal 400 normal>) = 10.05
findfont: score(<Font 'Book Antiqua' (BKANT.TTF) normal normal book normal>) = 10.05
findfont: score(<Font 'Calibri' (calibri.ttf) normal normal 400 normal>) = 10.05
findfont: score(<Font 'Palatino Linotype' (palabi.ttf) italic normal bold normal>) = 11.335
findfont: score(<Font 'HYHeadLine-Medium' (H2HDRM.TTF) normal normal medium normal>) = 10.145
findfont: score(<Font 'Segoe UI Historic' (seguihis.ttf) normal normal 400 normal>) = 10.05
findfont: score(<Font 'Consolas' (consolaz.ttf) italic normal bold normal>) = 11.335
findfont: score(<Font 'HYMyeongJo-Extra' (H2MJRE.TTF) normal normal 400 normal>) = 10.05
findfont: score(<Font 'HYPost-Medium' (H2PORM.TTF) normal normal medium normal>) = 10.145
findfont: score(<Font 'Microsoft Uighur' (MSUIGHUB.TTF) normal normal bold normal>) = 10.335
findfont: score(<Font 'MingLiU-ExtB' (mingliub.ttc) normal normal 400 normal>) = 10.05
findfont: score(<Font 'Malgun Gothic' (malgunsl.ttf) normal normal light normal>) = 10.24
findfont: score(<Font 'Times New Roman' (timesbd.ttf) normal normal roman normal>) = 10.145
findfont: score(<Font 'HYPMokGak-Bold' (H2MKPB.TTF) normal normal bold normal>) = 10.335
findfont: score(<Font 'HYGungSo-Bold' (H2GSRB.TTF) normal normal bold normal>) = 10.335
findfont: score(<Font 'Microsoft JhengHei' (msjh.ttc) normal normal 400 normal>) = 10.05
findfont: score(<Font 'Trebuchet MS' (trebuc.ttf) normal normal 400 normal>) = 10.05
findfont: score(<Font 'Sitka Small' (SitkaZ.ttc) italic normal bold normal>) = 11.335
findfont: score(<Font 'HCR Dotum' (HANDotum.ttf) normal normal 400 normal>) = 10.05
findfont: score(<Font 'Microsoft Yi Baiti' (msyi.ttf) normal normal 400 normal>) = 10.05
findfont: score(<Font 'Arial' (arialbd.ttf) normal normal bold normal>) = 6.698636363636363
findfont: score(<Font 'Ebrima' (ebrimabd.ttf) normal normal bold normal>) = 10.335
findfont: score(<Font 'Microsoft New Tai Lue' (ntailu.ttf) normal normal 400 normal>) = 10.05
findfont: score(<Font 'Sitka Small' (SitkaB.ttc) normal normal bold normal>) = 10.335
findfont: score(<Font 'Comic Sans MS' (comicz.ttf) italic normal bold normal>) = 11.335
findfont: score(<Font 'Segoe Print' (segoeprb.ttf) normal normal bold normal>) = 10.335
findfont: score(<Font 'Segoe Script' (segoesc.ttf) normal normal 400 normal>) = 10.05
findfont: score(<Font 'Courier New' (courbi.ttf) italic normal bold normal>) = 11.335
findfont: score(<Font 'NewJumja' (JUMJA.TTF) normal normal 400 normal>) = 10.05
findfont: score(<Font 'Book Antiqua' (ANTQUAB.TTF) normal normal book normal>) = 10.05
findfont: score(<Font 'Times New Roman' (timesi.ttf) italic normal roman normal>) = 11.145
findfont: score(<Font 'Ebrima' (ebrima.ttf) normal normal 400 normal>) = 10.05
findfont: score(<Font 'TeamViewer14' (teamviewer14.otf) normal normal 400 normal>) = 10.05
findfont: score(<Font 'Microsoft Uighur' (MSUIGHUR.TTF) normal normal 400 normal>) = 10.05
findfont: score(<Font 'Marlett' (marlett.ttf) normal normal 400 normal>) = 10.05
findfont: score(<Font 'Candara' (Candarali.ttf) italic normal light normal>) = 11.24
findfont: score(<Font 'Corbel' (corbelb.ttf) normal normal bold normal>) = 10.335
findfont: score(<Font 'Verdana' (verdanai.ttf) italic normal 400 normal>) = 4.6863636363636365
findfont: score(<Font 'Arial' (ariali.ttf) italic normal 400 normal>) = 7.413636363636363
findfont: score(<Font 'Leelawadee UI' (LeelUIsl.ttf) normal normal light normal>) = 10.24
findfont: score(<Font 'Dubai' (DUBAI-BOLD.TTF) normal normal bold normal>) = 10.335
findfont: score(<Font 'Gadugi' (gadugi.ttf) normal normal 400 normal>) = 10.05
findfont: score(<Font 'Impact' (impact.ttf) normal normal 400 normal>) = 10.05
findfont: score(<Font 'Segoe UI' (seguisbi.ttf) italic normal semibold normal>) = 11.24
findfont: score(<Font 'Courier New' (courbd.ttf) normal normal bold normal>) = 10.335
findfont: score(<Font 'Comic Sans MS' (comici.ttf) italic normal 400 normal>) = 11.05
findfont: score(<Font 'Segoe Script' (segoescb.ttf) normal normal bold normal>) = 10.335
findfont: score(<Font 'Garamond' (GARABD.TTF) normal normal bold normal>) = 10.335
findfont: score(<Font 'Calibri' (calibrili.ttf) italic normal light normal>) = 11.24
findfont: score(<Font 'Segoe UI' (seguibli.ttf) italic normal black normal>) = 11.525
findfont: score(<Font 'Microsoft Tai Le' (taileb.ttf) normal normal bold normal>) = 10.335
findfont: score(<Font 'Microsoft Sans Serif' (micross.ttf) normal normal 400 normal>) = 10.05
findfont: score(<Font 'Microsoft JhengHei' (msjhbd.ttc) normal normal bold normal>) = 10.335
findfont: score(<Font 'Bookshelf Symbol 7' (BSSYM7.TTF) normal normal book normal>) = 10.05
findfont: score(<Font 'Bookman Old Style' (BOOKOSI.TTF) italic normal book normal>) = 11.05
findfont: score(<Font 'Magic R' (HMKMMAG.TTF) normal normal 400 normal>) = 10.05
findfont: score(<Font 'Segoe UI' (seguibl.ttf) normal normal black normal>) = 10.525
findfont: score(<Font 'MS Reference Sans Serif' (REFSAN.TTF) normal normal 400 normal>) = 10.05
findfont: score(<Font 'Sitka Small' (Sitka.ttc) normal normal 400 normal>) = 10.05
findfont: score(<Font 'Tahoma' (tahoma.ttf) normal normal 400 normal>) = 10.05
findfont: score(<Font 'Bookman Old Style' (BOOKOS.TTF) normal normal book normal>) = 10.05
findfont: score(<Font 'Monotype Corsiva' (MTCORSVA.TTF) normal normal 400 normal>) = 10.05
findfont: score(<Font 'Dubai' (DUBAI-REGULAR.TTF) normal normal regular normal>) = 10.05
findfont: score(<Font 'Microsoft New Tai Lue' (ntailub.ttf) normal normal bold normal>) = 10.335
findfont: score(<Font 'Palatino Linotype' (pala.ttf) normal normal 400 normal>) = 10.05
findfont: score(<Font 'Corbel' (corbelz.ttf) italic normal bold normal>) = 11.335
findfont: score(<Font 'Microsoft JhengHei' (msjhl.ttc) normal normal light normal>) = 10.24
findfont: score(<Font 'Georgia' (georgiab.ttf) normal normal bold normal>) = 10.335
findfont: score(<Font 'Segoe UI' (segoeuib.ttf) normal normal bold normal>) = 10.335
findfont: score(<Font 'Microsoft YaHei' (msyhl.ttc) normal normal light normal>) = 10.24
findfont: score(<Font 'Segoe MDL2 Assets' (segmdl2.ttf) normal normal 400 normal>) = 10.05
findfont: score(<Font 'NanumGothic' (NanumGothicBold.ttf) normal normal bold normal>) = 10.335
findfont: score(<Font 'Ami R' (HMKMAMI.TTF) normal normal 400 normal>) = 10.05
findfont: score(<Font 'Century Gothic' (GOTHIC.TTF) normal normal 400 normal>) = 10.05
findfont: score(<Font 'Constantia' (constani.ttf) italic normal 400 normal>) = 11.05
findfont: score(<Font 'Segoe UI' (segoeuisl.ttf) normal normal light normal>) = 10.24
findfont: score(<Font 'Segoe UI' (segoeui.ttf) normal normal 400 normal>) = 10.05
findfont: score(<Font 'Corbel' (corbelli.ttf) italic normal light normal>) = 11.24
findfont: score(<Font 'Courier New' (couri.ttf) italic normal 400 normal>) = 11.05
findfont: score(<Font 'Constantia' (constanz.ttf) italic normal bold normal>) = 11.335
findfont: score(<Font 'Wingdings 3' (WINGDNG3.TTF) normal normal 400 normal>) = 10.05
findfont: score(<Font 'Century Gothic' (GOTHICI.TTF) italic normal 400 normal>) = 11.05
findfont: score(<Font 'MT Extra' (MTEXTRA.TTF) normal normal 400 normal>) = 10.05
findfont: score(<Font 'Candara' (Candaral.ttf) normal normal light normal>) = 10.24
findfont: score(<Font 'Dubai' (DUBAI-MEDIUM.TTF) normal normal medium normal>) = 10.145
findfont: score(<Font 'Palatino Linotype' (palab.ttf) normal normal bold normal>) = 10.335
findfont: score(<Font 'Leelawadee UI' (LeelawUI.ttf) normal normal 400 normal>) = 10.05
findfont: score(<Font 'Symbol' (symbol.ttf) normal normal 400 normal>) = 10.05
findfont: score(<Font 'Segoe UI' (seguisli.ttf) italic normal light normal>) = 11.24
findfont: score(<Font 'HYSinMyeongJo-Medium' (H2MJSM.TTF) normal normal medium normal>) = 10.145
findfont: score(<Font 'Microsoft YaHei' (msyh.ttc) normal normal 400 normal>) = 10.05
findfont: score(<Font 'Nirmala UI' (Nirmala.ttf) normal normal 400 normal>) = 10.05
findfont: score(<Font 'Yet R' (HMFMOLD.TTF) normal normal 400 normal>) = 10.05
findfont: score(<Font 'Nirmala UI' (NirmalaS.ttf) normal normal light normal>) = 10.24
findfont: score(<Font 'MS Reference Specialty' (REFSPCL.TTF) normal normal 400 normal>) = 10.05
findfont: score(<Font 'Myanmar Text' (mmrtextb.ttf) normal normal bold normal>) = 10.335
findfont: score(<Font 'MoeumT R' (HMFMMUEX.TTC) normal normal 400 normal>) = 10.05
findfont: score(<Font 'Corbel' (corbell.ttf) normal normal light normal>) = 10.24
findfont: score(<Font 'Cambria' (cambriaz.ttf) italic normal bold normal>) = 11.335
findfont: score(<Font 'Microsoft YaHei' (msyhbd.ttc) normal normal bold normal>) = 10.335
findfont: score(<Font 'Microsoft Himalaya' (himalaya.ttf) normal normal 400 normal>) = 10.05
findfont: score(<Font 'New Gulim' (NGULIM.TTF) normal normal 400 normal>) = 10.05
findfont: score(<Font 'Leelawadee' (LEELAWAD.TTF) normal normal 400 normal>) = 10.05
findfont: score(<Font 'Cambria' (cambria.ttc) normal normal 400 normal>) = 10.05
findfont: score(<Font 'Leelawadee' (LEELAWDB.TTF) normal normal bold normal>) = 10.335
findfont: score(<Font 'Courier New' (cour.ttf) normal normal 400 normal>) = 10.05
findfont: score(<Font 'Malgun Gothic' (malgunbd.ttf) normal normal bold normal>) = 10.335
findfont: score(<Font 'Microsoft PhagsPa' (phagspab.ttf) normal normal bold normal>) = 10.335
findfont: score(<Font 'Segoe UI' (segoeuiz.ttf) italic normal bold normal>) = 11.335
findfont: score(<Font 'HyhwpEQ' (HYHWPEQ.TTF) normal normal 400 normal>) = 10.05
findfont: score(<Font 'Javanese Text' (javatext.ttf) normal normal 400 normal>) = 10.05
findfont: score(<Font 'Bookman Old Style' (BOOKOSBI.TTF) italic normal book normal>) = 11.05
findfont: score(<Font 'Trebuchet MS' (trebucit.ttf) italic normal 400 normal>) = 11.05
findfont: score(<Font 'Georgia' (georgiai.ttf) italic normal 400 normal>) = 11.05
findfont: score(<Font 'Arial' (ARIALN.TTF) normal normal 400 condensed>) = 6.613636363636363
findfont: score(<Font 'MS Gothic' (msgothic.ttc) normal normal 400 normal>) = 10.05
findfont: score(<Font 'Book Antiqua' (ANTQUAI.TTF) italic normal book normal>) = 11.05
findfont: score(<Font 'SimSun' (simsun.ttc) normal normal 400 normal>) = 10.05
findfont: score(<Font 'Segoe UI' (segoeuii.ttf) italic normal 400 normal>) = 11.05
findfont: score(<Font 'Franklin Gothic Medium' (framd.ttf) normal normal medium normal>) = 10.145
findfont: score(<Font 'Webdings' (webdings.ttf) normal normal 400 normal>) = 10.05
findfont: score(<Font 'HYShortSamul-Medium' (H2SA1M.TTF) normal normal medium normal>) = 10.145
findfont: score(<Font 'Lucida Console' (lucon.ttf) normal normal 400 normal>) = 10.05
findfont: score(<Font 'Corbel' (corbeli.ttf) italic normal 400 normal>) = 11.05
findfont: score(<Font 'Times New Roman' (times.ttf) normal normal roman normal>) = 10.145
findfont: score(<Font 'Bookman Old Style' (BOOKOSB.TTF) normal normal book normal>) = 10.05
findfont: score(<Font 'Pyunji R' (HMFMPYUN.TTF) normal normal 400 normal>) = 10.05
findfont: score(<Font 'Trebuchet MS' (trebucbd.ttf) normal normal bold normal>) = 10.335
findfont: score(<Font 'Verdana' (verdanaz.ttf) italic normal bold normal>) = 4.971363636363637
findfont: score(<Font 'Book Antiqua' (ANTQUABI.TTF) italic normal book normal>) = 11.05
findfont: score(<Font 'Candara' (Candarab.ttf) normal normal bold normal>) = 10.335
findfont: score(<Font 'Ink Free' (Inkfree.ttf) normal normal 400 normal>) = 10.05
findfont: score(<Font 'Dubai' (DUBAI-LIGHT.TTF) normal normal light normal>) = 10.24
findfont: score(<Font 'Lucida Sans Unicode' (l_10646.ttf) normal normal 400 normal>) = 10.05
findfont: score(<Font 'Leelawadee UI' (LeelaUIb.ttf) normal normal bold normal>) = 10.335
findfont: score(<Font 'Constantia' (constan.ttf) normal normal 400 normal>) = 10.05
findfont: score(<Font 'Segoe UI' (seguisb.ttf) normal normal semibold normal>) = 10.24
findfont: score(<Font 'Cambria' (cambriab.ttf) normal normal bold normal>) = 10.335
findfont: score(<Font 'Candara' (Candara.ttf) normal normal 400 normal>) = 10.05
findfont: score(<Font 'Times New Roman' (timesbi.ttf) italic normal roman normal>) = 11.145
findfont: score(<Font 'Franklin Gothic Medium' (framdit.ttf) italic normal medium normal>) = 11.145
findfont: score(<Font 'Yu Gothic' (YuGothM.ttc) normal normal medium normal>) = 10.145
findfont: score(<Font 'Century' (CENTURY.TTF) normal normal 400 normal>) = 10.05
findfont: score(<Font 'Candara' (Candaraz.ttf) italic normal bold normal>) = 11.335
findfont: score(<Font 'Verdana' (verdana.ttf) normal normal 400 normal>) = 3.6863636363636365
findfont: score(<Font 'Comic Sans MS' (comic.ttf) normal normal 400 normal>) = 10.05
findfont: score(<Font 'Microsoft PhagsPa' (phagspa.ttf) normal normal 400 normal>) = 10.05
findfont: score(<Font 'Segoe UI Symbol' (seguisym.ttf) normal normal 400 normal>) = 10.05
findfont: score(<Font 'HYGothic-Medium' (H2GTRM.TTF) normal normal medium normal>) = 10.145
findfont: score(<Font 'Yu Gothic' (YuGothB.ttc) normal normal bold normal>) = 10.335
findfont: score(<Font 'Arial' (ARIALNI.TTF) italic normal 400 condensed>) = 7.613636363636363
findfont: score(<Font 'Verdana' (verdanab.ttf) normal normal bold normal>) = 3.9713636363636367
findfont: score(<Font 'Gadugi' (gadugib.ttf) normal normal bold normal>) = 10.335
findfont: score(<Font 'Bahnschrift' (bahnschrift.ttf) normal normal 400 normal>) = 10.05
findfont: score(<Font 'Myanmar Text' (mmrtext.ttf) normal normal 400 normal>) = 10.05
findfont: score(<Font 'Gulim' (gulim.ttc) normal normal 400 normal>) = 10.05
findfont: score(<Font 'Calibri' (calibril.ttf) normal normal light normal>) = 10.24
findfont: score(<Font 'Mongolian Baiti' (monbaiti.ttf) normal normal 400 normal>) = 10.05
findfont: score(<Font 'Calibri' (calibrii.ttf) italic normal 400 normal>) = 11.05
findfont: score(<Font 'Comic Sans MS' (comicbd.ttf) normal normal bold normal>) = 10.335
findfont: score(<Font 'Wingdings 2' (WINGDNG2.TTF) normal normal 400 normal>) = 10.05
findfont: score(<Font 'Microsoft Tai Le' (taile.ttf) normal normal 400 normal>) = 10.05
findfont: score(<Font 'SimSun-ExtB' (simsunb.ttf) normal normal 400 normal>) = 10.05
findfont: score(<Font 'Consolas' (consolai.ttf) italic normal 400 normal>) = 11.05
findfont: score(<Font 'Corbel' (corbel.ttf) normal normal 400 normal>) = 10.05
findfont: score(<Font 'Georgia' (georgia.ttf) normal normal 400 normal>) = 10.05
findfont: score(<Font 'Consolas' (consola.ttf) normal normal 400 normal>) = 10.05
findfont: score(<Font 'Arial' (ARIALNB.TTF) normal normal bold condensed>) = 6.8986363636363635
findfont: score(<Font 'Yu Gothic' (YuGothR.ttc) normal normal regular normal>) = 10.05
findfont: score(<Font 'Segoe UI Emoji' (seguiemj.ttf) normal normal 400 normal>) = 10.05
findfont: score(<Font 'HYGraphic-Medium' (H2GPRM.TTF) normal normal medium normal>) = 10.145
findfont: score(<Font 'Century Gothic' (GOTHICBI.TTF) italic normal bold normal>) = 11.335
findfont: score(<Font 'Nirmala UI' (NirmalaB.ttf) normal normal bold normal>) = 10.335
findfont: score(<Font 'HoloLens MDL2 Assets' (holomdl2.ttf) normal normal 400 normal>) = 10.05
findfont: score(<Font 'NanumGothic' (NanumGothic.ttf) normal normal 400 normal>) = 10.05
findfont: score(<Font 'Wingdings' (wingding.ttf) normal normal 400 normal>) = 10.05
findfont: score(<Font 'HYPost-Light' (H2PORL.TTF) normal normal light normal>) = 10.24
findfont: score(<Font 'Arial' (arial.ttf) normal normal 400 normal>) = 6.413636363636363
findfont: score(<Font 'Palatino Linotype' (palai.ttf) italic normal 400 normal>) = 11.05
findfont: score(<Font 'Segoe UI' (seguili.ttf) italic normal light normal>) = 11.24
findfont: score(<Font 'Arial' (arialbi.ttf) italic normal bold normal>) = 7.698636363636363
findfont: score(<Font 'Trebuchet MS' (trebucbi.ttf) italic normal bold normal>) = 11.335
findfont: score(<Font 'Yu Gothic' (YuGothL.ttc) normal normal light normal>) = 10.24
findfont: score(<Font 'Batang' (batang.ttc) normal normal 400 normal>) = 10.05
findfont: score(<Font 'Sylfaen' (sylfaen.ttf) normal normal 400 normal>) = 10.05
findfont: score(<Font 'Headline R' (HMKMRHD.TTF) normal normal 400 normal>) = 10.05
findfont: score(<Font 'HCR Batang' (HANBatang.ttf) normal normal 400 normal>) = 10.05
findfont: score(<Font 'HYGothic-Extra' (H2GTRE.TTF) normal normal 400 normal>) = 10.05
findfont: score(<Font 'Constantia' (constanb.ttf) normal normal bold normal>) = 10.335
findfont: score(<Font 'Consolas' (consolab.ttf) normal normal bold normal>) = 10.335
findfont: score(<Font 'Garamond' (GARA.TTF) normal normal 400 normal>) = 10.05
findfont: score(<Font 'Century Gothic' (GOTHICB.TTF) normal normal bold normal>) = 10.335
findfont: score(<Font 'Cambria' (cambriai.ttf) italic normal 400 normal>) = 11.05
findfont: score(<Font 'Arial' (ariblk.ttf) normal normal black normal>) = 6.888636363636364
findfont: score(<Font 'Candara' (Candarai.ttf) italic normal 400 normal>) = 11.05
findfont: score(<Font 'Sitka Small' (SitkaI.ttc) italic normal 400 normal>) = 11.05
findfont: score(<Font 'Garamond' (GARAIT.TTF) italic normal 400 normal>) = 11.05
findfont: score(<Font 'MV Boli' (mvboli.ttf) normal normal 400 normal>) = 10.05
findfont: score(<Font 'Malgun Gothic' (malgun.ttf) normal normal 400 normal>) = 10.05
findfont: Matching :family=sans-serif:style=normal:variant=normal:weight=normal:stretch=normal:size=12.0 to DejaVu Sans ('E:\\Anaconda3\\envs\\cra\\lib\\site-packages\\matplotlib\\mpl-data\\fonts\\ttf\\DejaVuSans.ttf') with score of 0.050000.
[Epoch 0001/1000]	Epsilon:0.5000	#Expl.:344/733	#Buy:238	#Sell:236	#Hold:259	#Stocks:2	PV:₩18,371,600	POS:4	NEG:8	Loss:  0.185265
[Epoch 0002/1000]	Epsilon:0.4995	#Expl.:355/733	#Buy:246	#Sell:243	#Hold:244	#Stocks:3	PV:₩8,808,400	POS:6	NEG:6	Loss:  0.187980
[Epoch 0003/1000]	Epsilon:0.4990	#Expl.:377/733	#Buy:248	#Sell:243	#Hold:242	#Stocks:5	PV:₩14,384,650	POS:4	NEG:8	Loss:  0.182982
[Epoch 0004/1000]	Epsilon:0.4985	#Expl.:374/733	#Buy:285	#Sell:278	#Hold:170	#Stocks:7	PV:₩21,585,600	POS:4	NEG:8	Loss:  0.189909
[Epoch 0005/1000]	Epsilon:0.4980	#Expl.:369/733	#Buy:262	#Sell:259	#Hold:212	#Stocks:3	PV:₩9,811,400	POS:6	NEG:6	Loss:  0.180940
[Epoch 0006/1000]	Epsilon:0.4975	#Expl.:378/733	#Buy:278	#Sell:277	#Hold:178	#Stocks:1	PV:₩15,540,150	POS:6	NEG:6	Loss:  0.187002
[Epoch 0007/1000]	Epsilon:0.4970	#Expl.:358/733	#Buy:259	#Sell:255	#Hold:219	#Stocks:4	PV:₩9,203,150	POS:5	NEG:7	Loss:  0.187620
[Epoch 0008/1000]	Epsilon:0.4965	#Expl.:367/733	#Buy:269	#Sell:265	#Hold:199	#Stocks:4	PV:₩9,779,100	POS:4	NEG:8	Loss:  0.195762
[Epoch 0009/1000]	Epsilon:0.4960	#Expl.:359/733	#Buy:275	#Sell:274	#Hold:184	#Stocks:1	PV:₩10,925,150	POS:6	NEG:6	Loss:  0.190386
[Epoch 0010/1000]	Epsilon:0.4955	#Expl.:367/733	#Buy:265	#Sell:262	#Hold:206	#Stocks:3	PV:₩11,974,100	POS:5	NEG:7	Loss:  0.182241
[Epoch 0011/1000]	Epsilon:0.4950	#Expl.:358/733	#Buy:269	#Sell:263	#Hold:201	#Stocks:6	PV:₩11,869,650	POS:6	NEG:6	Loss:  0.191419
[Epoch 0012/1000]	Epsilon:0.4945	#Expl.:366/733	#Buy:265	#Sell:261	#Hold:207	#Stocks:4	PV:₩12,709,800	POS:5	NEG:7	Loss:  0.181215
[Epoch 0013/1000]	Epsilon:0.4940	#Expl.:339/733	#Buy:248	#Sell:245	#Hold:240	#Stocks:3	PV:₩8,854,200	POS:5	NEG:7	Loss:  0.186666
[Epoch 0014/1000]	Epsilon:0.4935	#Expl.:362/733	#Buy:265	#Sell:262	#Hold:206	#Stocks:3	PV:₩21,709,200	POS:6	NEG:6	Loss:  0.185274
[Epoch 0015/1000]	Epsilon:0.4930	#Expl.:361/733	#Buy:280	#Sell:277	#Hold:176	#Stocks:3	PV:₩15,360,600	POS:6	NEG:6	Loss:  0.180865
[Epoch 0016/1000]	Epsilon:0.4925	#Expl.:352/733	#Buy:244	#Sell:241	#Hold:248	#Stocks:3	PV:₩12,242,650	POS:4	NEG:8	Loss:  0.182568
[Epoch 0017/1000]	Epsilon:0.4920	#Expl.:360/733	#Buy:276	#Sell:274	#Hold:183	#Stocks:2	PV:₩21,012,700	POS:5	NEG:7	Loss:  0.179832
[Epoch 0018/1000]	Epsilon:0.4915	#Expl.:373/733	#Buy:271	#Sell:271	#Hold:191	#Stocks:0	PV:₩10,881,650	POS:2	NEG:10	Loss:  0.182282
[Epoch 0019/1000]	Epsilon:0.4910	#Expl.:376/733	#Buy:264	#Sell:263	#Hold:206	#Stocks:1	PV:₩9,560,050	POS:6	NEG:6	Loss:  0.186354
[Epoch 0020/1000]	Epsilon:0.4905	#Expl.:363/733	#Buy:257	#Sell:256	#Hold:220	#Stocks:1	PV:₩9,212,450	POS:4	NEG:8	Loss:  0.174508
[Epoch 0021/1000]	Epsilon:0.4900	#Expl.:364/733	#Buy:267	#Sell:263	#Hold:203	#Stocks:4	PV:₩9,374,400	POS:3	NEG:9	Loss:  0.184014
[Epoch 0022/1000]	Epsilon:0.4895	#Expl.:376/733	#Buy:266	#Sell:265	#Hold:202	#Stocks:1	PV:₩8,755,100	POS:3	NEG:9	Loss:  0.177865
[Epoch 0023/1000]	Epsilon:0.4890	#Expl.:352/733	#Buy:268	#Sell:268	#Hold:197	#Stocks:0	PV:₩13,285,700	POS:2	NEG:10	Loss:  0.174532
[Epoch 0024/1000]	Epsilon:0.4885	#Expl.:353/733	#Buy:245	#Sell:245	#Hold:243	#Stocks:0	PV:₩11,762,600	POS:4	NEG:8	Loss:  0.177849
[Epoch 0025/1000]	Epsilon:0.4880	#Expl.:343/733	#Buy:246	#Sell:245	#Hold:242	#Stocks:1	PV:₩8,143,650	POS:3	NEG:9	Loss:  0.181562
[Epoch 0026/1000]	Epsilon:0.4875	#Expl.:351/733	#Buy:277	#Sell:277	#Hold:179	#Stocks:0	PV:₩24,660,150	POS:3	NEG:9	Loss:  0.176093
[Epoch 0027/1000]	Epsilon:0.4870	#Expl.:357/733	#Buy:259	#Sell:259	#Hold:215	#Stocks:0	PV:₩12,739,800	POS:6	NEG:6	Loss:  0.178492
[Epoch 0028/1000]	Epsilon:0.4865	#Expl.:365/733	#Buy:272	#Sell:272	#Hold:189	#Stocks:0	PV:₩15,618,250	POS:6	NEG:6	Loss:  0.174862
[Epoch 0029/1000]	Epsilon:0.4860	#Expl.:355/733	#Buy:261	#Sell:261	#Hold:211	#Stocks:0	PV:₩9,338,000	POS:4	NEG:8	Loss:  0.176818
[Epoch 0030/1000]	Epsilon:0.4855	#Expl.:373/733	#Buy:244	#Sell:243	#Hold:246	#Stocks:1	PV:₩11,141,750	POS:4	NEG:8	Loss:  0.182818
[Epoch 0031/1000]	Epsilon:0.4850	#Expl.:331/733	#Buy:245	#Sell:244	#Hold:244	#Stocks:1	PV:₩9,722,500	POS:5	NEG:7	Loss:  0.177315
[Epoch 0032/1000]	Epsilon:0.4845	#Expl.:344/733	#Buy:260	#Sell:260	#Hold:213	#Stocks:0	PV:₩13,677,400	POS:6	NEG:6	Loss:  0.180459
[Epoch 0033/1000]	Epsilon:0.4840	#Expl.:341/733	#Buy:243	#Sell:243	#Hold:247	#Stocks:0	PV:₩11,316,100	POS:4	NEG:8	Loss:  0.186074
[Epoch 0034/1000]	Epsilon:0.4835	#Expl.:353/733	#Buy:248	#Sell:248	#Hold:237	#Stocks:0	PV:₩11,040,100	POS:5	NEG:7	Loss:  0.179202
[Epoch 0035/1000]	Epsilon:0.4830	#Expl.:355/733	#Buy:276	#Sell:273	#Hold:184	#Stocks:3	PV:₩23,175,300	POS:6	NEG:6	Loss:  0.184036
[Epoch 0036/1000]	Epsilon:0.4825	#Expl.:358/733	#Buy:249	#Sell:248	#Hold:236	#Stocks:1	PV:₩13,011,000	POS:3	NEG:9	Loss:  0.179689
[Epoch 0037/1000]	Epsilon:0.4820	#Expl.:362/733	#Buy:257	#Sell:252	#Hold:224	#Stocks:5	PV:₩17,325,400	POS:7	NEG:5	Loss:  0.179785
[Epoch 0038/1000]	Epsilon:0.4815	#Expl.:327/733	#Buy:248	#Sell:247	#Hold:238	#Stocks:1	PV:₩12,657,350	POS:7	NEG:5	Loss:  0.177372
[Epoch 0039/1000]	Epsilon:0.4810	#Expl.:356/733	#Buy:254	#Sell:254	#Hold:225	#Stocks:0	PV:₩8,308,450	POS:4	NEG:8	Loss:  0.178097
[Epoch 0040/1000]	Epsilon:0.4805	#Expl.:348/733	#Buy:253	#Sell:253	#Hold:227	#Stocks:0	PV:₩13,934,900	POS:6	NEG:6	Loss:  0.178636
[Epoch 0041/1000]	Epsilon:0.4800	#Expl.:349/733	#Buy:246	#Sell:245	#Hold:242	#Stocks:1	PV:₩9,908,300	POS:5	NEG:7	Loss:  0.173087
[Epoch 0042/1000]	Epsilon:0.4795	#Expl.:351/733	#Buy:260	#Sell:259	#Hold:214	#Stocks:1	PV:₩9,902,100	POS:4	NEG:8	Loss:  0.176784
[Epoch 0043/1000]	Epsilon:0.4790	#Expl.:325/733	#Buy:235	#Sell:235	#Hold:263	#Stocks:0	PV:₩9,375,800	POS:3	NEG:9	Loss:  0.178646
[Epoch 0044/1000]	Epsilon:0.4785	#Expl.:374/733	#Buy:261	#Sell:261	#Hold:211	#Stocks:0	PV:₩9,356,050	POS:4	NEG:8	Loss:  0.176408
[Epoch 0045/1000]	Epsilon:0.4780	#Expl.:342/733	#Buy:274	#Sell:274	#Hold:185	#Stocks:0	PV:₩22,554,200	POS:6	NEG:6	Loss:  0.173645
[Epoch 0046/1000]	Epsilon:0.4775	#Expl.:353/733	#Buy:258	#Sell:257	#Hold:218	#Stocks:1	PV:₩9,135,550	POS:6	NEG:6	Loss:  0.173104
[Epoch 0047/1000]	Epsilon:0.4770	#Expl.:362/733	#Buy:248	#Sell:247	#Hold:238	#Stocks:1	PV:₩9,609,050	POS:3	NEG:9	Loss:  0.175089
[Epoch 0048/1000]	Epsilon:0.4765	#Expl.:335/733	#Buy:244	#Sell:242	#Hold:247	#Stocks:2	PV:₩12,550,300	POS:3	NEG:9	Loss:  0.177504
[Epoch 0049/1000]	Epsilon:0.4760	#Expl.:321/733	#Buy:239	#Sell:239	#Hold:255	#Stocks:0	PV:₩9,992,100	POS:5	NEG:7	Loss:  0.175377
[Epoch 0050/1000]	Epsilon:0.4755	#Expl.:356/733	#Buy:246	#Sell:246	#Hold:241	#Stocks:0	PV:₩10,132,700	POS:6	NEG:6	Loss:  0.179203
[Epoch 0051/1000]	Epsilon:0.4750	#Expl.:345/733	#Buy:253	#Sell:253	#Hold:227	#Stocks:0	PV:₩8,922,750	POS:3	NEG:9	Loss:  0.179403
[Epoch 0052/1000]	Epsilon:0.4745	#Expl.:337/733	#Buy:237	#Sell:236	#Hold:260	#Stocks:1	PV:₩9,923,100	POS:7	NEG:5	Loss:  0.173166
[Epoch 0053/1000]	Epsilon:0.4740	#Expl.:330/733	#Buy:250	#Sell:249	#Hold:234	#Stocks:1	PV:₩9,718,250	POS:5	NEG:7	Loss:  0.175698
[Epoch 0054/1000]	Epsilon:0.4735	#Expl.:343/733	#Buy:260	#Sell:260	#Hold:213	#Stocks:0	PV:₩10,018,250	POS:4	NEG:8	Loss:  0.174201
[Epoch 0055/1000]	Epsilon:0.4730	#Expl.:367/733	#Buy:279	#Sell:278	#Hold:176	#Stocks:1	PV:₩15,726,350	POS:5	NEG:7	Loss:  0.178086
[Epoch 0056/1000]	Epsilon:0.4725	#Expl.:339/733	#Buy:258	#Sell:255	#Hold:220	#Stocks:3	PV:₩13,518,900	POS:5	NEG:7	Loss:  0.177766
[Epoch 0057/1000]	Epsilon:0.4720	#Expl.:347/733	#Buy:263	#Sell:263	#Hold:207	#Stocks:0	PV:₩10,198,800	POS:4	NEG:8	Loss:  0.181966
[Epoch 0058/1000]	Epsilon:0.4715	#Expl.:363/733	#Buy:287	#Sell:285	#Hold:161	#Stocks:2	PV:₩13,958,000	POS:5	NEG:7	Loss:  0.170526
[Epoch 0059/1000]	Epsilon:0.4710	#Expl.:337/733	#Buy:281	#Sell:281	#Hold:171	#Stocks:0	PV:₩21,404,450	POS:3	NEG:9	Loss:  0.178586
[Epoch 0060/1000]	Epsilon:0.4705	#Expl.:342/733	#Buy:276	#Sell:274	#Hold:183	#Stocks:2	PV:₩14,580,700	POS:7	NEG:5	Loss:  0.172528
[Epoch 0061/1000]	Epsilon:0.4700	#Expl.:342/733	#Buy:256	#Sell:254	#Hold:223	#Stocks:2	PV:₩9,280,550	POS:6	NEG:6	Loss:  0.175704
[Epoch 0062/1000]	Epsilon:0.4695	#Expl.:334/733	#Buy:257	#Sell:257	#Hold:219	#Stocks:0	PV:₩11,356,200	POS:3	NEG:9	Loss:  0.173277
[Epoch 0063/1000]	Epsilon:0.4690	#Expl.:335/733	#Buy:278	#Sell:278	#Hold:177	#Stocks:0	PV:₩19,412,800	POS:6	NEG:6	Loss:  0.165350
[Epoch 0064/1000]	Epsilon:0.4685	#Expl.:337/733	#Buy:278	#Sell:278	#Hold:177	#Stocks:0	PV:₩9,619,900	POS:4	NEG:8	Loss:  0.168295
[Epoch 0065/1000]	Epsilon:0.4680	#Expl.:359/733	#Buy:292	#Sell:289	#Hold:152	#Stocks:3	PV:₩18,025,500	POS:7	NEG:5	Loss:  0.174220
[Epoch 0066/1000]	Epsilon:0.4675	#Expl.:355/733	#Buy:271	#Sell:270	#Hold:192	#Stocks:1	PV:₩8,939,650	POS:5	NEG:7	Loss:  0.169974
[Epoch 0067/1000]	Epsilon:0.4670	#Expl.:359/733	#Buy:301	#Sell:295	#Hold:137	#Stocks:6	PV:₩42,750,350	POS:5	NEG:7	Loss:  0.171795
[Epoch 0068/1000]	Epsilon:0.4665	#Expl.:334/733	#Buy:300	#Sell:299	#Hold:134	#Stocks:1	PV:₩30,445,100	POS:5	NEG:7	Loss:  0.177386
[Epoch 0069/1000]	Epsilon:0.4660	#Expl.:348/733	#Buy:266	#Sell:265	#Hold:202	#Stocks:1	PV:₩9,259,150	POS:4	NEG:8	Loss:  0.178279
[Epoch 0070/1000]	Epsilon:0.4655	#Expl.:336/733	#Buy:300	#Sell:294	#Hold:139	#Stocks:6	PV:₩50,321,900	POS:6	NEG:6	Loss:  0.175689
[Epoch 0071/1000]	Epsilon:0.4650	#Expl.:333/733	#Buy:268	#Sell:264	#Hold:201	#Stocks:4	PV:₩10,242,450	POS:5	NEG:7	Loss:  0.170699
[Epoch 0072/1000]	Epsilon:0.4645	#Expl.:323/733	#Buy:302	#Sell:296	#Hold:135	#Stocks:6	PV:₩43,822,900	POS:2	NEG:10	Loss:  0.173582
[Epoch 0073/1000]	Epsilon:0.4640	#Expl.:334/733	#Buy:295	#Sell:292	#Hold:146	#Stocks:3	PV:₩25,153,300	POS:5	NEG:7	Loss:  0.174254
[Epoch 0074/1000]	Epsilon:0.4635	#Expl.:313/733	#Buy:311	#Sell:306	#Hold:116	#Stocks:5	PV:₩31,068,250	POS:4	NEG:8	Loss:  0.165152
[Epoch 0075/1000]	Epsilon:0.4630	#Expl.:351/733	#Buy:288	#Sell:285	#Hold:160	#Stocks:3	PV:₩13,518,050	POS:5	NEG:7	Loss:  0.173685
[Epoch 0076/1000]	Epsilon:0.4625	#Expl.:342/733	#Buy:281	#Sell:275	#Hold:177	#Stocks:6	PV:₩34,126,750	POS:3	NEG:9	Loss:  0.177427
[Epoch 0077/1000]	Epsilon:0.4620	#Expl.:331/733	#Buy:318	#Sell:311	#Hold:104	#Stocks:7	PV:₩58,071,150	POS:6	NEG:6	Loss:  0.180384
[Epoch 0078/1000]	Epsilon:0.4615	#Expl.:316/733	#Buy:312	#Sell:305	#Hold:116	#Stocks:7	PV:₩38,931,400	POS:5	NEG:7	Loss:  0.170726
[Epoch 0079/1000]	Epsilon:0.4610	#Expl.:340/733	#Buy:337	#Sell:324	#Hold:72	#Stocks:13	PV:₩49,479,750	POS:5	NEG:7	Loss:  0.175303
[Epoch 0080/1000]	Epsilon:0.4605	#Expl.:343/733	#Buy:329	#Sell:315	#Hold:89	#Stocks:14	PV:₩66,446,850	POS:6	NEG:6	Loss:  0.168512
[Epoch 0081/1000]	Epsilon:0.4600	#Expl.:307/733	#Buy:296	#Sell:291	#Hold:146	#Stocks:5	PV:₩48,506,800	POS:5	NEG:7	Loss:  0.171018
[Epoch 0082/1000]	Epsilon:0.4595	#Expl.:347/733	#Buy:307	#Sell:306	#Hold:120	#Stocks:1	PV:₩33,418,800	POS:5	NEG:7	Loss:  0.167491
[Epoch 0083/1000]	Epsilon:0.4590	#Expl.:324/733	#Buy:317	#Sell:312	#Hold:104	#Stocks:5	PV:₩52,061,850	POS:5	NEG:7	Loss:  0.171375
[Epoch 0084/1000]	Epsilon:0.4585	#Expl.:335/733	#Buy:292	#Sell:286	#Hold:155	#Stocks:6	PV:₩37,031,000	POS:5	NEG:7	Loss:  0.168230
