Loaded backend TkAgg version unknown.
From E:\Anaconda3\envs\cra\lib\site-packages\keras\backend\tensorflow_backend.py:74: The name tf.get_default_graph is deprecated. Please use tf.compat.v1.get_default_graph instead.

From E:\Anaconda3\envs\cra\lib\site-packages\keras\backend\tensorflow_backend.py:517: The name tf.placeholder is deprecated. Please use tf.compat.v1.placeholder instead.

From E:\Anaconda3\envs\cra\lib\site-packages\keras\backend\tensorflow_backend.py:4138: The name tf.random_uniform is deprecated. Please use tf.random.uniform instead.

From E:\Anaconda3\envs\cra\lib\site-packages\keras\backend\tensorflow_backend.py:133: The name tf.placeholder_with_default is deprecated. Please use tf.compat.v1.placeholder_with_default instead.

From E:\Anaconda3\envs\cra\lib\site-packages\keras\backend\tensorflow_backend.py:3445: calling dropout (from tensorflow.python.ops.nn_ops) with keep_prob is deprecated and will be removed in a future version.
Instructions for updating:
Please use `rate` instead of `keep_prob`. Rate should be set to `rate = 1 - keep_prob`.
From E:\Anaconda3\envs\cra\lib\site-packages\keras\optimizers.py:790: The name tf.train.Optimizer is deprecated. Please use tf.compat.v1.train.Optimizer instead.

LR: 0.0001, DF: 0, TU: [10, 10], DRT: 0.05
From E:\Anaconda3\envs\cra\lib\site-packages\keras\backend\tensorflow_backend.py:2741: The name tf.Session is deprecated. Please use tf.compat.v1.Session instead.

From E:\Anaconda3\envs\cra\lib\site-packages\tensorflow\python\ops\math_grad.py:1250: add_dispatch_support.<locals>.wrapper (from tensorflow.python.ops.array_ops) is deprecated and will be removed in a future version.
Instructions for updating:
Use tf.where in 2.0, which has the same broadcast rule as np.where
findfont: Matching :family=sans-serif:style=normal:variant=normal:weight=normal:stretch=normal:size=10.0.
findfont: score(<Font 'DejaVu Sans' (DejaVuSans-Oblique.ttf) oblique normal 400 normal>) = 1.05
findfont: score(<Font 'DejaVu Sans' (DejaVuSans-BoldOblique.ttf) oblique normal bold normal>) = 1.335
findfont: score(<Font 'DejaVu Serif' (DejaVuSerif-BoldItalic.ttf) italic normal bold normal>) = 11.335
findfont: score(<Font 'STIXSizeFourSym' (STIXSizFourSymReg.ttf) normal normal regular normal>) = 10.05
findfont: score(<Font 'STIXNonUnicode' (STIXNonUni.ttf) normal normal regular normal>) = 10.05
findfont: score(<Font 'STIXGeneral' (STIXGeneral.ttf) normal normal regular normal>) = 10.05
findfont: score(<Font 'STIXSizeTwoSym' (STIXSizTwoSymReg.ttf) normal normal regular normal>) = 10.05
findfont: score(<Font 'STIXSizeOneSym' (STIXSizOneSymBol.ttf) normal normal bold normal>) = 10.335
findfont: score(<Font 'DejaVu Sans Mono' (DejaVuSansMono-Oblique.ttf) oblique normal 400 normal>) = 11.05
findfont: score(<Font 'STIXGeneral' (STIXGeneralItalic.ttf) italic normal 400 normal>) = 11.05
findfont: score(<Font 'DejaVu Sans Mono' (DejaVuSansMono.ttf) normal normal 400 normal>) = 10.05
findfont: score(<Font 'DejaVu Serif' (DejaVuSerif.ttf) normal normal 400 normal>) = 10.05
findfont: score(<Font 'STIXSizeTwoSym' (STIXSizTwoSymBol.ttf) normal normal bold normal>) = 10.335
findfont: score(<Font 'cmsy10' (cmsy10.ttf) normal normal 400 normal>) = 10.05
findfont: score(<Font 'STIXNonUnicode' (STIXNonUniIta.ttf) italic normal 400 normal>) = 11.05
findfont: score(<Font 'STIXNonUnicode' (STIXNonUniBol.ttf) normal normal bold normal>) = 10.335
findfont: score(<Font 'cmmi10' (cmmi10.ttf) normal normal 400 normal>) = 10.05
findfont: score(<Font 'STIXSizeFiveSym' (STIXSizFiveSymReg.ttf) normal normal regular normal>) = 10.05
findfont: score(<Font 'STIXSizeFourSym' (STIXSizFourSymBol.ttf) normal normal bold normal>) = 10.335
findfont: score(<Font 'DejaVu Sans Mono' (DejaVuSansMono-BoldOblique.ttf) oblique normal bold normal>) = 11.335
findfont: score(<Font 'DejaVu Sans' (DejaVuSans-Bold.ttf) normal normal bold normal>) = 0.33499999999999996
findfont: score(<Font 'DejaVu Serif Display' (DejaVuSerifDisplay.ttf) normal normal 400 normal>) = 10.05
findfont: score(<Font 'DejaVu Sans Mono' (DejaVuSansMono-Bold.ttf) normal normal bold normal>) = 10.335
findfont: score(<Font 'STIXGeneral' (STIXGeneralBolIta.ttf) italic normal bold normal>) = 11.335
findfont: score(<Font 'DejaVu Serif' (DejaVuSerif-Bold.ttf) normal normal bold normal>) = 10.335
findfont: score(<Font 'cmss10' (cmss10.ttf) normal normal 400 normal>) = 10.05
findfont: score(<Font 'cmtt10' (cmtt10.ttf) normal normal 400 normal>) = 10.05
findfont: score(<Font 'STIXSizeOneSym' (STIXSizOneSymReg.ttf) normal normal regular normal>) = 10.05
findfont: score(<Font 'DejaVu Serif' (DejaVuSerif-Italic.ttf) italic normal 400 normal>) = 11.05
findfont: score(<Font 'STIXSizeThreeSym' (STIXSizThreeSymBol.ttf) normal normal bold normal>) = 10.335
findfont: score(<Font 'cmb10' (cmb10.ttf) normal normal 400 normal>) = 10.05
findfont: score(<Font 'STIXGeneral' (STIXGeneralBol.ttf) normal normal bold normal>) = 10.335
findfont: score(<Font 'STIXSizeThreeSym' (STIXSizThreeSymReg.ttf) normal normal regular normal>) = 10.05
findfont: score(<Font 'DejaVu Sans Display' (DejaVuSansDisplay.ttf) normal normal 400 normal>) = 10.05
findfont: score(<Font 'cmr10' (cmr10.ttf) normal normal 400 normal>) = 10.05
findfont: score(<Font 'DejaVu Sans' (DejaVuSans.ttf) normal normal 400 normal>) = 0.05
findfont: score(<Font 'STIXNonUnicode' (STIXNonUniBolIta.ttf) italic normal bold normal>) = 11.335
findfont: score(<Font 'cmex10' (cmex10.ttf) normal normal 400 normal>) = 10.05
findfont: score(<Font 'Georgia' (georgiaz.ttf) italic normal bold normal>) = 11.335
findfont: score(<Font 'Arial' (ARIALNBI.TTF) italic normal bold condensed>) = 7.8986363636363635
findfont: score(<Font 'Calibri' (calibriz.ttf) italic normal bold normal>) = 11.335
findfont: score(<Font 'Calibri' (calibrib.ttf) normal normal bold normal>) = 10.335
findfont: score(<Font 'Segoe Print' (segoepr.ttf) normal normal 400 normal>) = 10.05
findfont: score(<Font 'Segoe UI' (segoeuil.ttf) normal normal light normal>) = 10.24
findfont: score(<Font 'Tahoma' (tahomabd.ttf) normal normal bold normal>) = 10.335
findfont: score(<Font 'Gabriola' (Gabriola.ttf) normal normal 400 normal>) = 10.05
findfont: score(<Font 'Book Antiqua' (BKANT.TTF) normal normal book normal>) = 10.05
findfont: score(<Font 'Calibri' (calibri.ttf) normal normal 400 normal>) = 10.05
findfont: score(<Font 'Palatino Linotype' (palabi.ttf) italic normal bold normal>) = 11.335
findfont: score(<Font 'HYHeadLine-Medium' (H2HDRM.TTF) normal normal medium normal>) = 10.145
findfont: score(<Font 'Segoe UI Historic' (seguihis.ttf) normal normal 400 normal>) = 10.05
findfont: score(<Font 'Consolas' (consolaz.ttf) italic normal bold normal>) = 11.335
findfont: score(<Font 'HYMyeongJo-Extra' (H2MJRE.TTF) normal normal 400 normal>) = 10.05
findfont: score(<Font 'HYPost-Medium' (H2PORM.TTF) normal normal medium normal>) = 10.145
findfont: score(<Font 'Microsoft Uighur' (MSUIGHUB.TTF) normal normal bold normal>) = 10.335
findfont: score(<Font 'MingLiU-ExtB' (mingliub.ttc) normal normal 400 normal>) = 10.05
findfont: score(<Font 'Malgun Gothic' (malgunsl.ttf) normal normal light normal>) = 10.24
findfont: score(<Font 'Times New Roman' (timesbd.ttf) normal normal roman normal>) = 10.145
findfont: score(<Font 'HYPMokGak-Bold' (H2MKPB.TTF) normal normal bold normal>) = 10.335
findfont: score(<Font 'HYGungSo-Bold' (H2GSRB.TTF) normal normal bold normal>) = 10.335
findfont: score(<Font 'Microsoft JhengHei' (msjh.ttc) normal normal 400 normal>) = 10.05
findfont: score(<Font 'Trebuchet MS' (trebuc.ttf) normal normal 400 normal>) = 10.05
findfont: score(<Font 'Sitka Small' (SitkaZ.ttc) italic normal bold normal>) = 11.335
findfont: score(<Font 'HCR Dotum' (HANDotum.ttf) normal normal 400 normal>) = 10.05
findfont: score(<Font 'Microsoft Yi Baiti' (msyi.ttf) normal normal 400 normal>) = 10.05
findfont: score(<Font 'Arial' (arialbd.ttf) normal normal bold normal>) = 6.698636363636363
findfont: score(<Font 'Ebrima' (ebrimabd.ttf) normal normal bold normal>) = 10.335
findfont: score(<Font 'Microsoft New Tai Lue' (ntailu.ttf) normal normal 400 normal>) = 10.05
findfont: score(<Font 'Sitka Small' (SitkaB.ttc) normal normal bold normal>) = 10.335
findfont: score(<Font 'Comic Sans MS' (comicz.ttf) italic normal bold normal>) = 11.335
findfont: score(<Font 'Segoe Print' (segoeprb.ttf) normal normal bold normal>) = 10.335
findfont: score(<Font 'Segoe Script' (segoesc.ttf) normal normal 400 normal>) = 10.05
findfont: score(<Font 'Courier New' (courbi.ttf) italic normal bold normal>) = 11.335
findfont: score(<Font 'NewJumja' (JUMJA.TTF) normal normal 400 normal>) = 10.05
findfont: score(<Font 'Book Antiqua' (ANTQUAB.TTF) normal normal book normal>) = 10.05
findfont: score(<Font 'Times New Roman' (timesi.ttf) italic normal roman normal>) = 11.145
findfont: score(<Font 'Ebrima' (ebrima.ttf) normal normal 400 normal>) = 10.05
findfont: score(<Font 'TeamViewer14' (teamviewer14.otf) normal normal 400 normal>) = 10.05
findfont: score(<Font 'Microsoft Uighur' (MSUIGHUR.TTF) normal normal 400 normal>) = 10.05
findfont: score(<Font 'Marlett' (marlett.ttf) normal normal 400 normal>) = 10.05
findfont: score(<Font 'Candara' (Candarali.ttf) italic normal light normal>) = 11.24
findfont: score(<Font 'Corbel' (corbelb.ttf) normal normal bold normal>) = 10.335
findfont: score(<Font 'Verdana' (verdanai.ttf) italic normal 400 normal>) = 4.6863636363636365
findfont: score(<Font 'Arial' (ariali.ttf) italic normal 400 normal>) = 7.413636363636363
findfont: score(<Font 'Leelawadee UI' (LeelUIsl.ttf) normal normal light normal>) = 10.24
findfont: score(<Font 'Dubai' (DUBAI-BOLD.TTF) normal normal bold normal>) = 10.335
findfont: score(<Font 'Gadugi' (gadugi.ttf) normal normal 400 normal>) = 10.05
findfont: score(<Font 'Impact' (impact.ttf) normal normal 400 normal>) = 10.05
findfont: score(<Font 'Segoe UI' (seguisbi.ttf) italic normal semibold normal>) = 11.24
findfont: score(<Font 'Courier New' (courbd.ttf) normal normal bold normal>) = 10.335
findfont: score(<Font 'Comic Sans MS' (comici.ttf) italic normal 400 normal>) = 11.05
findfont: score(<Font 'Segoe Script' (segoescb.ttf) normal normal bold normal>) = 10.335
findfont: score(<Font 'Garamond' (GARABD.TTF) normal normal bold normal>) = 10.335
findfont: score(<Font 'Calibri' (calibrili.ttf) italic normal light normal>) = 11.24
findfont: score(<Font 'Segoe UI' (seguibli.ttf) italic normal black normal>) = 11.525
findfont: score(<Font 'Microsoft Tai Le' (taileb.ttf) normal normal bold normal>) = 10.335
findfont: score(<Font 'Microsoft Sans Serif' (micross.ttf) normal normal 400 normal>) = 10.05
findfont: score(<Font 'Microsoft JhengHei' (msjhbd.ttc) normal normal bold normal>) = 10.335
findfont: score(<Font 'Bookshelf Symbol 7' (BSSYM7.TTF) normal normal book normal>) = 10.05
findfont: score(<Font 'Bookman Old Style' (BOOKOSI.TTF) italic normal book normal>) = 11.05
findfont: score(<Font 'Magic R' (HMKMMAG.TTF) normal normal 400 normal>) = 10.05
findfont: score(<Font 'Segoe UI' (seguibl.ttf) normal normal black normal>) = 10.525
findfont: score(<Font 'MS Reference Sans Serif' (REFSAN.TTF) normal normal 400 normal>) = 10.05
findfont: score(<Font 'Sitka Small' (Sitka.ttc) normal normal 400 normal>) = 10.05
findfont: score(<Font 'Tahoma' (tahoma.ttf) normal normal 400 normal>) = 10.05
findfont: score(<Font 'Bookman Old Style' (BOOKOS.TTF) normal normal book normal>) = 10.05
findfont: score(<Font 'Monotype Corsiva' (MTCORSVA.TTF) normal normal 400 normal>) = 10.05
findfont: score(<Font 'Dubai' (DUBAI-REGULAR.TTF) normal normal regular normal>) = 10.05
findfont: score(<Font 'Microsoft New Tai Lue' (ntailub.ttf) normal normal bold normal>) = 10.335
findfont: score(<Font 'Palatino Linotype' (pala.ttf) normal normal 400 normal>) = 10.05
findfont: score(<Font 'Corbel' (corbelz.ttf) italic normal bold normal>) = 11.335
findfont: score(<Font 'Microsoft JhengHei' (msjhl.ttc) normal normal light normal>) = 10.24
findfont: score(<Font 'Georgia' (georgiab.ttf) normal normal bold normal>) = 10.335
findfont: score(<Font 'Segoe UI' (segoeuib.ttf) normal normal bold normal>) = 10.335
findfont: score(<Font 'Microsoft YaHei' (msyhl.ttc) normal normal light normal>) = 10.24
findfont: score(<Font 'Segoe MDL2 Assets' (segmdl2.ttf) normal normal 400 normal>) = 10.05
findfont: score(<Font 'NanumGothic' (NanumGothicBold.ttf) normal normal bold normal>) = 10.335
findfont: score(<Font 'Ami R' (HMKMAMI.TTF) normal normal 400 normal>) = 10.05
findfont: score(<Font 'Century Gothic' (GOTHIC.TTF) normal normal 400 normal>) = 10.05
findfont: score(<Font 'Constantia' (constani.ttf) italic normal 400 normal>) = 11.05
findfont: score(<Font 'Segoe UI' (segoeuisl.ttf) normal normal light normal>) = 10.24
findfont: score(<Font 'Segoe UI' (segoeui.ttf) normal normal 400 normal>) = 10.05
findfont: score(<Font 'Corbel' (corbelli.ttf) italic normal light normal>) = 11.24
findfont: score(<Font 'Courier New' (couri.ttf) italic normal 400 normal>) = 11.05
findfont: score(<Font 'Constantia' (constanz.ttf) italic normal bold normal>) = 11.335
findfont: score(<Font 'Wingdings 3' (WINGDNG3.TTF) normal normal 400 normal>) = 10.05
findfont: score(<Font 'Century Gothic' (GOTHICI.TTF) italic normal 400 normal>) = 11.05
findfont: score(<Font 'MT Extra' (MTEXTRA.TTF) normal normal 400 normal>) = 10.05
findfont: score(<Font 'Candara' (Candaral.ttf) normal normal light normal>) = 10.24
findfont: score(<Font 'Dubai' (DUBAI-MEDIUM.TTF) normal normal medium normal>) = 10.145
findfont: score(<Font 'Palatino Linotype' (palab.ttf) normal normal bold normal>) = 10.335
findfont: score(<Font 'Leelawadee UI' (LeelawUI.ttf) normal normal 400 normal>) = 10.05
findfont: score(<Font 'Symbol' (symbol.ttf) normal normal 400 normal>) = 10.05
findfont: score(<Font 'Segoe UI' (seguisli.ttf) italic normal light normal>) = 11.24
findfont: score(<Font 'HYSinMyeongJo-Medium' (H2MJSM.TTF) normal normal medium normal>) = 10.145
findfont: score(<Font 'Microsoft YaHei' (msyh.ttc) normal normal 400 normal>) = 10.05
findfont: score(<Font 'Nirmala UI' (Nirmala.ttf) normal normal 400 normal>) = 10.05
findfont: score(<Font 'Yet R' (HMFMOLD.TTF) normal normal 400 normal>) = 10.05
findfont: score(<Font 'Nirmala UI' (NirmalaS.ttf) normal normal light normal>) = 10.24
findfont: score(<Font 'MS Reference Specialty' (REFSPCL.TTF) normal normal 400 normal>) = 10.05
findfont: score(<Font 'Myanmar Text' (mmrtextb.ttf) normal normal bold normal>) = 10.335
findfont: score(<Font 'MoeumT R' (HMFMMUEX.TTC) normal normal 400 normal>) = 10.05
findfont: score(<Font 'Corbel' (corbell.ttf) normal normal light normal>) = 10.24
findfont: score(<Font 'Cambria' (cambriaz.ttf) italic normal bold normal>) = 11.335
findfont: score(<Font 'Microsoft YaHei' (msyhbd.ttc) normal normal bold normal>) = 10.335
findfont: score(<Font 'Microsoft Himalaya' (himalaya.ttf) normal normal 400 normal>) = 10.05
findfont: score(<Font 'New Gulim' (NGULIM.TTF) normal normal 400 normal>) = 10.05
findfont: score(<Font 'Leelawadee' (LEELAWAD.TTF) normal normal 400 normal>) = 10.05
findfont: score(<Font 'Cambria' (cambria.ttc) normal normal 400 normal>) = 10.05
findfont: score(<Font 'Leelawadee' (LEELAWDB.TTF) normal normal bold normal>) = 10.335
findfont: score(<Font 'Courier New' (cour.ttf) normal normal 400 normal>) = 10.05
findfont: score(<Font 'Malgun Gothic' (malgunbd.ttf) normal normal bold normal>) = 10.335
findfont: score(<Font 'Microsoft PhagsPa' (phagspab.ttf) normal normal bold normal>) = 10.335
findfont: score(<Font 'Segoe UI' (segoeuiz.ttf) italic normal bold normal>) = 11.335
findfont: score(<Font 'HyhwpEQ' (HYHWPEQ.TTF) normal normal 400 normal>) = 10.05
findfont: score(<Font 'Javanese Text' (javatext.ttf) normal normal 400 normal>) = 10.05
findfont: score(<Font 'Bookman Old Style' (BOOKOSBI.TTF) italic normal book normal>) = 11.05
findfont: score(<Font 'Trebuchet MS' (trebucit.ttf) italic normal 400 normal>) = 11.05
findfont: score(<Font 'Georgia' (georgiai.ttf) italic normal 400 normal>) = 11.05
findfont: score(<Font 'Arial' (ARIALN.TTF) normal normal 400 condensed>) = 6.613636363636363
findfont: score(<Font 'MS Gothic' (msgothic.ttc) normal normal 400 normal>) = 10.05
findfont: score(<Font 'Book Antiqua' (ANTQUAI.TTF) italic normal book normal>) = 11.05
findfont: score(<Font 'SimSun' (simsun.ttc) normal normal 400 normal>) = 10.05
findfont: score(<Font 'Segoe UI' (segoeuii.ttf) italic normal 400 normal>) = 11.05
findfont: score(<Font 'Franklin Gothic Medium' (framd.ttf) normal normal medium normal>) = 10.145
findfont: score(<Font 'Webdings' (webdings.ttf) normal normal 400 normal>) = 10.05
findfont: score(<Font 'HYShortSamul-Medium' (H2SA1M.TTF) normal normal medium normal>) = 10.145
findfont: score(<Font 'Lucida Console' (lucon.ttf) normal normal 400 normal>) = 10.05
findfont: score(<Font 'Corbel' (corbeli.ttf) italic normal 400 normal>) = 11.05
findfont: score(<Font 'Times New Roman' (times.ttf) normal normal roman normal>) = 10.145
findfont: score(<Font 'Bookman Old Style' (BOOKOSB.TTF) normal normal book normal>) = 10.05
findfont: score(<Font 'Pyunji R' (HMFMPYUN.TTF) normal normal 400 normal>) = 10.05
findfont: score(<Font 'Trebuchet MS' (trebucbd.ttf) normal normal bold normal>) = 10.335
findfont: score(<Font 'Verdana' (verdanaz.ttf) italic normal bold normal>) = 4.971363636363637
findfont: score(<Font 'Book Antiqua' (ANTQUABI.TTF) italic normal book normal>) = 11.05
findfont: score(<Font 'Candara' (Candarab.ttf) normal normal bold normal>) = 10.335
findfont: score(<Font 'Ink Free' (Inkfree.ttf) normal normal 400 normal>) = 10.05
findfont: score(<Font 'Dubai' (DUBAI-LIGHT.TTF) normal normal light normal>) = 10.24
findfont: score(<Font 'Lucida Sans Unicode' (l_10646.ttf) normal normal 400 normal>) = 10.05
findfont: score(<Font 'Leelawadee UI' (LeelaUIb.ttf) normal normal bold normal>) = 10.335
findfont: score(<Font 'Constantia' (constan.ttf) normal normal 400 normal>) = 10.05
findfont: score(<Font 'Segoe UI' (seguisb.ttf) normal normal semibold normal>) = 10.24
findfont: score(<Font 'Cambria' (cambriab.ttf) normal normal bold normal>) = 10.335
findfont: score(<Font 'Candara' (Candara.ttf) normal normal 400 normal>) = 10.05
findfont: score(<Font 'Times New Roman' (timesbi.ttf) italic normal roman normal>) = 11.145
findfont: score(<Font 'Franklin Gothic Medium' (framdit.ttf) italic normal medium normal>) = 11.145
findfont: score(<Font 'Yu Gothic' (YuGothM.ttc) normal normal medium normal>) = 10.145
findfont: score(<Font 'Century' (CENTURY.TTF) normal normal 400 normal>) = 10.05
findfont: score(<Font 'Candara' (Candaraz.ttf) italic normal bold normal>) = 11.335
findfont: score(<Font 'Verdana' (verdana.ttf) normal normal 400 normal>) = 3.6863636363636365
findfont: score(<Font 'Comic Sans MS' (comic.ttf) normal normal 400 normal>) = 10.05
findfont: score(<Font 'Microsoft PhagsPa' (phagspa.ttf) normal normal 400 normal>) = 10.05
findfont: score(<Font 'Segoe UI Symbol' (seguisym.ttf) normal normal 400 normal>) = 10.05
findfont: score(<Font 'HYGothic-Medium' (H2GTRM.TTF) normal normal medium normal>) = 10.145
findfont: score(<Font 'Yu Gothic' (YuGothB.ttc) normal normal bold normal>) = 10.335
findfont: score(<Font 'Arial' (ARIALNI.TTF) italic normal 400 condensed>) = 7.613636363636363
findfont: score(<Font 'Verdana' (verdanab.ttf) normal normal bold normal>) = 3.9713636363636367
findfont: score(<Font 'Gadugi' (gadugib.ttf) normal normal bold normal>) = 10.335
findfont: score(<Font 'Bahnschrift' (bahnschrift.ttf) normal normal 400 normal>) = 10.05
findfont: score(<Font 'Myanmar Text' (mmrtext.ttf) normal normal 400 normal>) = 10.05
findfont: score(<Font 'Gulim' (gulim.ttc) normal normal 400 normal>) = 10.05
findfont: score(<Font 'Calibri' (calibril.ttf) normal normal light normal>) = 10.24
findfont: score(<Font 'Mongolian Baiti' (monbaiti.ttf) normal normal 400 normal>) = 10.05
findfont: score(<Font 'Calibri' (calibrii.ttf) italic normal 400 normal>) = 11.05
findfont: score(<Font 'Comic Sans MS' (comicbd.ttf) normal normal bold normal>) = 10.335
findfont: score(<Font 'Wingdings 2' (WINGDNG2.TTF) normal normal 400 normal>) = 10.05
findfont: score(<Font 'Microsoft Tai Le' (taile.ttf) normal normal 400 normal>) = 10.05
findfont: score(<Font 'SimSun-ExtB' (simsunb.ttf) normal normal 400 normal>) = 10.05
findfont: score(<Font 'Consolas' (consolai.ttf) italic normal 400 normal>) = 11.05
findfont: score(<Font 'Corbel' (corbel.ttf) normal normal 400 normal>) = 10.05
findfont: score(<Font 'Georgia' (georgia.ttf) normal normal 400 normal>) = 10.05
findfont: score(<Font 'Consolas' (consola.ttf) normal normal 400 normal>) = 10.05
findfont: score(<Font 'Arial' (ARIALNB.TTF) normal normal bold condensed>) = 6.8986363636363635
findfont: score(<Font 'Yu Gothic' (YuGothR.ttc) normal normal regular normal>) = 10.05
findfont: score(<Font 'Segoe UI Emoji' (seguiemj.ttf) normal normal 400 normal>) = 10.05
findfont: score(<Font 'HYGraphic-Medium' (H2GPRM.TTF) normal normal medium normal>) = 10.145
findfont: score(<Font 'Century Gothic' (GOTHICBI.TTF) italic normal bold normal>) = 11.335
findfont: score(<Font 'Nirmala UI' (NirmalaB.ttf) normal normal bold normal>) = 10.335
findfont: score(<Font 'HoloLens MDL2 Assets' (holomdl2.ttf) normal normal 400 normal>) = 10.05
findfont: score(<Font 'NanumGothic' (NanumGothic.ttf) normal normal 400 normal>) = 10.05
findfont: score(<Font 'Wingdings' (wingding.ttf) normal normal 400 normal>) = 10.05
findfont: score(<Font 'HYPost-Light' (H2PORL.TTF) normal normal light normal>) = 10.24
findfont: score(<Font 'Arial' (arial.ttf) normal normal 400 normal>) = 6.413636363636363
findfont: score(<Font 'Palatino Linotype' (palai.ttf) italic normal 400 normal>) = 11.05
findfont: score(<Font 'Segoe UI' (seguili.ttf) italic normal light normal>) = 11.24
findfont: score(<Font 'Arial' (arialbi.ttf) italic normal bold normal>) = 7.698636363636363
findfont: score(<Font 'Trebuchet MS' (trebucbi.ttf) italic normal bold normal>) = 11.335
findfont: score(<Font 'Yu Gothic' (YuGothL.ttc) normal normal light normal>) = 10.24
findfont: score(<Font 'Batang' (batang.ttc) normal normal 400 normal>) = 10.05
findfont: score(<Font 'Sylfaen' (sylfaen.ttf) normal normal 400 normal>) = 10.05
findfont: score(<Font 'Headline R' (HMKMRHD.TTF) normal normal 400 normal>) = 10.05
findfont: score(<Font 'HCR Batang' (HANBatang.ttf) normal normal 400 normal>) = 10.05
findfont: score(<Font 'HYGothic-Extra' (H2GTRE.TTF) normal normal 400 normal>) = 10.05
findfont: score(<Font 'Constantia' (constanb.ttf) normal normal bold normal>) = 10.335
findfont: score(<Font 'Consolas' (consolab.ttf) normal normal bold normal>) = 10.335
findfont: score(<Font 'Garamond' (GARA.TTF) normal normal 400 normal>) = 10.05
findfont: score(<Font 'Century Gothic' (GOTHICB.TTF) normal normal bold normal>) = 10.335
findfont: score(<Font 'Cambria' (cambriai.ttf) italic normal 400 normal>) = 11.05
findfont: score(<Font 'Arial' (ariblk.ttf) normal normal black normal>) = 6.888636363636364
findfont: score(<Font 'Candara' (Candarai.ttf) italic normal 400 normal>) = 11.05
findfont: score(<Font 'Sitka Small' (SitkaI.ttc) italic normal 400 normal>) = 11.05
findfont: score(<Font 'Garamond' (GARAIT.TTF) italic normal 400 normal>) = 11.05
findfont: score(<Font 'MV Boli' (mvboli.ttf) normal normal 400 normal>) = 10.05
findfont: score(<Font 'Malgun Gothic' (malgun.ttf) normal normal 400 normal>) = 10.05
findfont: Matching :family=sans-serif:style=normal:variant=normal:weight=normal:stretch=normal:size=10.0 to DejaVu Sans ('E:\\Anaconda3\\envs\\cra\\lib\\site-packages\\matplotlib\\mpl-data\\fonts\\ttf\\DejaVuSans.ttf') with score of 0.050000.
findfont: Matching :family=sans-serif:style=normal:variant=normal:weight=normal:stretch=normal:size=12.0.
findfont: score(<Font 'DejaVu Sans' (DejaVuSans-Oblique.ttf) oblique normal 400 normal>) = 1.05
findfont: score(<Font 'DejaVu Sans' (DejaVuSans-BoldOblique.ttf) oblique normal bold normal>) = 1.335
findfont: score(<Font 'DejaVu Serif' (DejaVuSerif-BoldItalic.ttf) italic normal bold normal>) = 11.335
findfont: score(<Font 'STIXSizeFourSym' (STIXSizFourSymReg.ttf) normal normal regular normal>) = 10.05
findfont: score(<Font 'STIXNonUnicode' (STIXNonUni.ttf) normal normal regular normal>) = 10.05
findfont: score(<Font 'STIXGeneral' (STIXGeneral.ttf) normal normal regular normal>) = 10.05
findfont: score(<Font 'STIXSizeTwoSym' (STIXSizTwoSymReg.ttf) normal normal regular normal>) = 10.05
findfont: score(<Font 'STIXSizeOneSym' (STIXSizOneSymBol.ttf) normal normal bold normal>) = 10.335
findfont: score(<Font 'DejaVu Sans Mono' (DejaVuSansMono-Oblique.ttf) oblique normal 400 normal>) = 11.05
findfont: score(<Font 'STIXGeneral' (STIXGeneralItalic.ttf) italic normal 400 normal>) = 11.05
findfont: score(<Font 'DejaVu Sans Mono' (DejaVuSansMono.ttf) normal normal 400 normal>) = 10.05
findfont: score(<Font 'DejaVu Serif' (DejaVuSerif.ttf) normal normal 400 normal>) = 10.05
findfont: score(<Font 'STIXSizeTwoSym' (STIXSizTwoSymBol.ttf) normal normal bold normal>) = 10.335
findfont: score(<Font 'cmsy10' (cmsy10.ttf) normal normal 400 normal>) = 10.05
findfont: score(<Font 'STIXNonUnicode' (STIXNonUniIta.ttf) italic normal 400 normal>) = 11.05
findfont: score(<Font 'STIXNonUnicode' (STIXNonUniBol.ttf) normal normal bold normal>) = 10.335
findfont: score(<Font 'cmmi10' (cmmi10.ttf) normal normal 400 normal>) = 10.05
findfont: score(<Font 'STIXSizeFiveSym' (STIXSizFiveSymReg.ttf) normal normal regular normal>) = 10.05
findfont: score(<Font 'STIXSizeFourSym' (STIXSizFourSymBol.ttf) normal normal bold normal>) = 10.335
findfont: score(<Font 'DejaVu Sans Mono' (DejaVuSansMono-BoldOblique.ttf) oblique normal bold normal>) = 11.335
findfont: score(<Font 'DejaVu Sans' (DejaVuSans-Bold.ttf) normal normal bold normal>) = 0.33499999999999996
findfont: score(<Font 'DejaVu Serif Display' (DejaVuSerifDisplay.ttf) normal normal 400 normal>) = 10.05
findfont: score(<Font 'DejaVu Sans Mono' (DejaVuSansMono-Bold.ttf) normal normal bold normal>) = 10.335
findfont: score(<Font 'STIXGeneral' (STIXGeneralBolIta.ttf) italic normal bold normal>) = 11.335
findfont: score(<Font 'DejaVu Serif' (DejaVuSerif-Bold.ttf) normal normal bold normal>) = 10.335
findfont: score(<Font 'cmss10' (cmss10.ttf) normal normal 400 normal>) = 10.05
findfont: score(<Font 'cmtt10' (cmtt10.ttf) normal normal 400 normal>) = 10.05
findfont: score(<Font 'STIXSizeOneSym' (STIXSizOneSymReg.ttf) normal normal regular normal>) = 10.05
findfont: score(<Font 'DejaVu Serif' (DejaVuSerif-Italic.ttf) italic normal 400 normal>) = 11.05
findfont: score(<Font 'STIXSizeThreeSym' (STIXSizThreeSymBol.ttf) normal normal bold normal>) = 10.335
findfont: score(<Font 'cmb10' (cmb10.ttf) normal normal 400 normal>) = 10.05
findfont: score(<Font 'STIXGeneral' (STIXGeneralBol.ttf) normal normal bold normal>) = 10.335
findfont: score(<Font 'STIXSizeThreeSym' (STIXSizThreeSymReg.ttf) normal normal regular normal>) = 10.05
findfont: score(<Font 'DejaVu Sans Display' (DejaVuSansDisplay.ttf) normal normal 400 normal>) = 10.05
findfont: score(<Font 'cmr10' (cmr10.ttf) normal normal 400 normal>) = 10.05
findfont: score(<Font 'DejaVu Sans' (DejaVuSans.ttf) normal normal 400 normal>) = 0.05
findfont: score(<Font 'STIXNonUnicode' (STIXNonUniBolIta.ttf) italic normal bold normal>) = 11.335
findfont: score(<Font 'cmex10' (cmex10.ttf) normal normal 400 normal>) = 10.05
findfont: score(<Font 'Georgia' (georgiaz.ttf) italic normal bold normal>) = 11.335
findfont: score(<Font 'Arial' (ARIALNBI.TTF) italic normal bold condensed>) = 7.8986363636363635
findfont: score(<Font 'Calibri' (calibriz.ttf) italic normal bold normal>) = 11.335
findfont: score(<Font 'Calibri' (calibrib.ttf) normal normal bold normal>) = 10.335
findfont: score(<Font 'Segoe Print' (segoepr.ttf) normal normal 400 normal>) = 10.05
findfont: score(<Font 'Segoe UI' (segoeuil.ttf) normal normal light normal>) = 10.24
findfont: score(<Font 'Tahoma' (tahomabd.ttf) normal normal bold normal>) = 10.335
findfont: score(<Font 'Gabriola' (Gabriola.ttf) normal normal 400 normal>) = 10.05
findfont: score(<Font 'Book Antiqua' (BKANT.TTF) normal normal book normal>) = 10.05
findfont: score(<Font 'Calibri' (calibri.ttf) normal normal 400 normal>) = 10.05
findfont: score(<Font 'Palatino Linotype' (palabi.ttf) italic normal bold normal>) = 11.335
findfont: score(<Font 'HYHeadLine-Medium' (H2HDRM.TTF) normal normal medium normal>) = 10.145
findfont: score(<Font 'Segoe UI Historic' (seguihis.ttf) normal normal 400 normal>) = 10.05
findfont: score(<Font 'Consolas' (consolaz.ttf) italic normal bold normal>) = 11.335
findfont: score(<Font 'HYMyeongJo-Extra' (H2MJRE.TTF) normal normal 400 normal>) = 10.05
findfont: score(<Font 'HYPost-Medium' (H2PORM.TTF) normal normal medium normal>) = 10.145
findfont: score(<Font 'Microsoft Uighur' (MSUIGHUB.TTF) normal normal bold normal>) = 10.335
findfont: score(<Font 'MingLiU-ExtB' (mingliub.ttc) normal normal 400 normal>) = 10.05
findfont: score(<Font 'Malgun Gothic' (malgunsl.ttf) normal normal light normal>) = 10.24
findfont: score(<Font 'Times New Roman' (timesbd.ttf) normal normal roman normal>) = 10.145
findfont: score(<Font 'HYPMokGak-Bold' (H2MKPB.TTF) normal normal bold normal>) = 10.335
findfont: score(<Font 'HYGungSo-Bold' (H2GSRB.TTF) normal normal bold normal>) = 10.335
findfont: score(<Font 'Microsoft JhengHei' (msjh.ttc) normal normal 400 normal>) = 10.05
findfont: score(<Font 'Trebuchet MS' (trebuc.ttf) normal normal 400 normal>) = 10.05
findfont: score(<Font 'Sitka Small' (SitkaZ.ttc) italic normal bold normal>) = 11.335
findfont: score(<Font 'HCR Dotum' (HANDotum.ttf) normal normal 400 normal>) = 10.05
findfont: score(<Font 'Microsoft Yi Baiti' (msyi.ttf) normal normal 400 normal>) = 10.05
findfont: score(<Font 'Arial' (arialbd.ttf) normal normal bold normal>) = 6.698636363636363
findfont: score(<Font 'Ebrima' (ebrimabd.ttf) normal normal bold normal>) = 10.335
findfont: score(<Font 'Microsoft New Tai Lue' (ntailu.ttf) normal normal 400 normal>) = 10.05
findfont: score(<Font 'Sitka Small' (SitkaB.ttc) normal normal bold normal>) = 10.335
findfont: score(<Font 'Comic Sans MS' (comicz.ttf) italic normal bold normal>) = 11.335
findfont: score(<Font 'Segoe Print' (segoeprb.ttf) normal normal bold normal>) = 10.335
findfont: score(<Font 'Segoe Script' (segoesc.ttf) normal normal 400 normal>) = 10.05
findfont: score(<Font 'Courier New' (courbi.ttf) italic normal bold normal>) = 11.335
findfont: score(<Font 'NewJumja' (JUMJA.TTF) normal normal 400 normal>) = 10.05
findfont: score(<Font 'Book Antiqua' (ANTQUAB.TTF) normal normal book normal>) = 10.05
findfont: score(<Font 'Times New Roman' (timesi.ttf) italic normal roman normal>) = 11.145
findfont: score(<Font 'Ebrima' (ebrima.ttf) normal normal 400 normal>) = 10.05
findfont: score(<Font 'TeamViewer14' (teamviewer14.otf) normal normal 400 normal>) = 10.05
findfont: score(<Font 'Microsoft Uighur' (MSUIGHUR.TTF) normal normal 400 normal>) = 10.05
findfont: score(<Font 'Marlett' (marlett.ttf) normal normal 400 normal>) = 10.05
findfont: score(<Font 'Candara' (Candarali.ttf) italic normal light normal>) = 11.24
findfont: score(<Font 'Corbel' (corbelb.ttf) normal normal bold normal>) = 10.335
findfont: score(<Font 'Verdana' (verdanai.ttf) italic normal 400 normal>) = 4.6863636363636365
findfont: score(<Font 'Arial' (ariali.ttf) italic normal 400 normal>) = 7.413636363636363
findfont: score(<Font 'Leelawadee UI' (LeelUIsl.ttf) normal normal light normal>) = 10.24
findfont: score(<Font 'Dubai' (DUBAI-BOLD.TTF) normal normal bold normal>) = 10.335
findfont: score(<Font 'Gadugi' (gadugi.ttf) normal normal 400 normal>) = 10.05
findfont: score(<Font 'Impact' (impact.ttf) normal normal 400 normal>) = 10.05
findfont: score(<Font 'Segoe UI' (seguisbi.ttf) italic normal semibold normal>) = 11.24
findfont: score(<Font 'Courier New' (courbd.ttf) normal normal bold normal>) = 10.335
findfont: score(<Font 'Comic Sans MS' (comici.ttf) italic normal 400 normal>) = 11.05
findfont: score(<Font 'Segoe Script' (segoescb.ttf) normal normal bold normal>) = 10.335
findfont: score(<Font 'Garamond' (GARABD.TTF) normal normal bold normal>) = 10.335
findfont: score(<Font 'Calibri' (calibrili.ttf) italic normal light normal>) = 11.24
findfont: score(<Font 'Segoe UI' (seguibli.ttf) italic normal black normal>) = 11.525
findfont: score(<Font 'Microsoft Tai Le' (taileb.ttf) normal normal bold normal>) = 10.335
findfont: score(<Font 'Microsoft Sans Serif' (micross.ttf) normal normal 400 normal>) = 10.05
findfont: score(<Font 'Microsoft JhengHei' (msjhbd.ttc) normal normal bold normal>) = 10.335
findfont: score(<Font 'Bookshelf Symbol 7' (BSSYM7.TTF) normal normal book normal>) = 10.05
findfont: score(<Font 'Bookman Old Style' (BOOKOSI.TTF) italic normal book normal>) = 11.05
findfont: score(<Font 'Magic R' (HMKMMAG.TTF) normal normal 400 normal>) = 10.05
findfont: score(<Font 'Segoe UI' (seguibl.ttf) normal normal black normal>) = 10.525
findfont: score(<Font 'MS Reference Sans Serif' (REFSAN.TTF) normal normal 400 normal>) = 10.05
findfont: score(<Font 'Sitka Small' (Sitka.ttc) normal normal 400 normal>) = 10.05
findfont: score(<Font 'Tahoma' (tahoma.ttf) normal normal 400 normal>) = 10.05
findfont: score(<Font 'Bookman Old Style' (BOOKOS.TTF) normal normal book normal>) = 10.05
findfont: score(<Font 'Monotype Corsiva' (MTCORSVA.TTF) normal normal 400 normal>) = 10.05
findfont: score(<Font 'Dubai' (DUBAI-REGULAR.TTF) normal normal regular normal>) = 10.05
findfont: score(<Font 'Microsoft New Tai Lue' (ntailub.ttf) normal normal bold normal>) = 10.335
findfont: score(<Font 'Palatino Linotype' (pala.ttf) normal normal 400 normal>) = 10.05
findfont: score(<Font 'Corbel' (corbelz.ttf) italic normal bold normal>) = 11.335
findfont: score(<Font 'Microsoft JhengHei' (msjhl.ttc) normal normal light normal>) = 10.24
findfont: score(<Font 'Georgia' (georgiab.ttf) normal normal bold normal>) = 10.335
findfont: score(<Font 'Segoe UI' (segoeuib.ttf) normal normal bold normal>) = 10.335
findfont: score(<Font 'Microsoft YaHei' (msyhl.ttc) normal normal light normal>) = 10.24
findfont: score(<Font 'Segoe MDL2 Assets' (segmdl2.ttf) normal normal 400 normal>) = 10.05
findfont: score(<Font 'NanumGothic' (NanumGothicBold.ttf) normal normal bold normal>) = 10.335
findfont: score(<Font 'Ami R' (HMKMAMI.TTF) normal normal 400 normal>) = 10.05
findfont: score(<Font 'Century Gothic' (GOTHIC.TTF) normal normal 400 normal>) = 10.05
findfont: score(<Font 'Constantia' (constani.ttf) italic normal 400 normal>) = 11.05
findfont: score(<Font 'Segoe UI' (segoeuisl.ttf) normal normal light normal>) = 10.24
findfont: score(<Font 'Segoe UI' (segoeui.ttf) normal normal 400 normal>) = 10.05
findfont: score(<Font 'Corbel' (corbelli.ttf) italic normal light normal>) = 11.24
findfont: score(<Font 'Courier New' (couri.ttf) italic normal 400 normal>) = 11.05
findfont: score(<Font 'Constantia' (constanz.ttf) italic normal bold normal>) = 11.335
findfont: score(<Font 'Wingdings 3' (WINGDNG3.TTF) normal normal 400 normal>) = 10.05
findfont: score(<Font 'Century Gothic' (GOTHICI.TTF) italic normal 400 normal>) = 11.05
findfont: score(<Font 'MT Extra' (MTEXTRA.TTF) normal normal 400 normal>) = 10.05
findfont: score(<Font 'Candara' (Candaral.ttf) normal normal light normal>) = 10.24
findfont: score(<Font 'Dubai' (DUBAI-MEDIUM.TTF) normal normal medium normal>) = 10.145
findfont: score(<Font 'Palatino Linotype' (palab.ttf) normal normal bold normal>) = 10.335
findfont: score(<Font 'Leelawadee UI' (LeelawUI.ttf) normal normal 400 normal>) = 10.05
findfont: score(<Font 'Symbol' (symbol.ttf) normal normal 400 normal>) = 10.05
findfont: score(<Font 'Segoe UI' (seguisli.ttf) italic normal light normal>) = 11.24
findfont: score(<Font 'HYSinMyeongJo-Medium' (H2MJSM.TTF) normal normal medium normal>) = 10.145
findfont: score(<Font 'Microsoft YaHei' (msyh.ttc) normal normal 400 normal>) = 10.05
findfont: score(<Font 'Nirmala UI' (Nirmala.ttf) normal normal 400 normal>) = 10.05
findfont: score(<Font 'Yet R' (HMFMOLD.TTF) normal normal 400 normal>) = 10.05
findfont: score(<Font 'Nirmala UI' (NirmalaS.ttf) normal normal light normal>) = 10.24
findfont: score(<Font 'MS Reference Specialty' (REFSPCL.TTF) normal normal 400 normal>) = 10.05
findfont: score(<Font 'Myanmar Text' (mmrtextb.ttf) normal normal bold normal>) = 10.335
findfont: score(<Font 'MoeumT R' (HMFMMUEX.TTC) normal normal 400 normal>) = 10.05
findfont: score(<Font 'Corbel' (corbell.ttf) normal normal light normal>) = 10.24
findfont: score(<Font 'Cambria' (cambriaz.ttf) italic normal bold normal>) = 11.335
findfont: score(<Font 'Microsoft YaHei' (msyhbd.ttc) normal normal bold normal>) = 10.335
findfont: score(<Font 'Microsoft Himalaya' (himalaya.ttf) normal normal 400 normal>) = 10.05
findfont: score(<Font 'New Gulim' (NGULIM.TTF) normal normal 400 normal>) = 10.05
findfont: score(<Font 'Leelawadee' (LEELAWAD.TTF) normal normal 400 normal>) = 10.05
findfont: score(<Font 'Cambria' (cambria.ttc) normal normal 400 normal>) = 10.05
findfont: score(<Font 'Leelawadee' (LEELAWDB.TTF) normal normal bold normal>) = 10.335
findfont: score(<Font 'Courier New' (cour.ttf) normal normal 400 normal>) = 10.05
findfont: score(<Font 'Malgun Gothic' (malgunbd.ttf) normal normal bold normal>) = 10.335
findfont: score(<Font 'Microsoft PhagsPa' (phagspab.ttf) normal normal bold normal>) = 10.335
findfont: score(<Font 'Segoe UI' (segoeuiz.ttf) italic normal bold normal>) = 11.335
findfont: score(<Font 'HyhwpEQ' (HYHWPEQ.TTF) normal normal 400 normal>) = 10.05
findfont: score(<Font 'Javanese Text' (javatext.ttf) normal normal 400 normal>) = 10.05
findfont: score(<Font 'Bookman Old Style' (BOOKOSBI.TTF) italic normal book normal>) = 11.05
findfont: score(<Font 'Trebuchet MS' (trebucit.ttf) italic normal 400 normal>) = 11.05
findfont: score(<Font 'Georgia' (georgiai.ttf) italic normal 400 normal>) = 11.05
findfont: score(<Font 'Arial' (ARIALN.TTF) normal normal 400 condensed>) = 6.613636363636363
findfont: score(<Font 'MS Gothic' (msgothic.ttc) normal normal 400 normal>) = 10.05
findfont: score(<Font 'Book Antiqua' (ANTQUAI.TTF) italic normal book normal>) = 11.05
findfont: score(<Font 'SimSun' (simsun.ttc) normal normal 400 normal>) = 10.05
findfont: score(<Font 'Segoe UI' (segoeuii.ttf) italic normal 400 normal>) = 11.05
findfont: score(<Font 'Franklin Gothic Medium' (framd.ttf) normal normal medium normal>) = 10.145
findfont: score(<Font 'Webdings' (webdings.ttf) normal normal 400 normal>) = 10.05
findfont: score(<Font 'HYShortSamul-Medium' (H2SA1M.TTF) normal normal medium normal>) = 10.145
findfont: score(<Font 'Lucida Console' (lucon.ttf) normal normal 400 normal>) = 10.05
findfont: score(<Font 'Corbel' (corbeli.ttf) italic normal 400 normal>) = 11.05
findfont: score(<Font 'Times New Roman' (times.ttf) normal normal roman normal>) = 10.145
findfont: score(<Font 'Bookman Old Style' (BOOKOSB.TTF) normal normal book normal>) = 10.05
findfont: score(<Font 'Pyunji R' (HMFMPYUN.TTF) normal normal 400 normal>) = 10.05
findfont: score(<Font 'Trebuchet MS' (trebucbd.ttf) normal normal bold normal>) = 10.335
findfont: score(<Font 'Verdana' (verdanaz.ttf) italic normal bold normal>) = 4.971363636363637
findfont: score(<Font 'Book Antiqua' (ANTQUABI.TTF) italic normal book normal>) = 11.05
findfont: score(<Font 'Candara' (Candarab.ttf) normal normal bold normal>) = 10.335
findfont: score(<Font 'Ink Free' (Inkfree.ttf) normal normal 400 normal>) = 10.05
findfont: score(<Font 'Dubai' (DUBAI-LIGHT.TTF) normal normal light normal>) = 10.24
findfont: score(<Font 'Lucida Sans Unicode' (l_10646.ttf) normal normal 400 normal>) = 10.05
findfont: score(<Font 'Leelawadee UI' (LeelaUIb.ttf) normal normal bold normal>) = 10.335
findfont: score(<Font 'Constantia' (constan.ttf) normal normal 400 normal>) = 10.05
findfont: score(<Font 'Segoe UI' (seguisb.ttf) normal normal semibold normal>) = 10.24
findfont: score(<Font 'Cambria' (cambriab.ttf) normal normal bold normal>) = 10.335
findfont: score(<Font 'Candara' (Candara.ttf) normal normal 400 normal>) = 10.05
findfont: score(<Font 'Times New Roman' (timesbi.ttf) italic normal roman normal>) = 11.145
findfont: score(<Font 'Franklin Gothic Medium' (framdit.ttf) italic normal medium normal>) = 11.145
findfont: score(<Font 'Yu Gothic' (YuGothM.ttc) normal normal medium normal>) = 10.145
findfont: score(<Font 'Century' (CENTURY.TTF) normal normal 400 normal>) = 10.05
findfont: score(<Font 'Candara' (Candaraz.ttf) italic normal bold normal>) = 11.335
findfont: score(<Font 'Verdana' (verdana.ttf) normal normal 400 normal>) = 3.6863636363636365
findfont: score(<Font 'Comic Sans MS' (comic.ttf) normal normal 400 normal>) = 10.05
findfont: score(<Font 'Microsoft PhagsPa' (phagspa.ttf) normal normal 400 normal>) = 10.05
findfont: score(<Font 'Segoe UI Symbol' (seguisym.ttf) normal normal 400 normal>) = 10.05
findfont: score(<Font 'HYGothic-Medium' (H2GTRM.TTF) normal normal medium normal>) = 10.145
findfont: score(<Font 'Yu Gothic' (YuGothB.ttc) normal normal bold normal>) = 10.335
findfont: score(<Font 'Arial' (ARIALNI.TTF) italic normal 400 condensed>) = 7.613636363636363
findfont: score(<Font 'Verdana' (verdanab.ttf) normal normal bold normal>) = 3.9713636363636367
findfont: score(<Font 'Gadugi' (gadugib.ttf) normal normal bold normal>) = 10.335
findfont: score(<Font 'Bahnschrift' (bahnschrift.ttf) normal normal 400 normal>) = 10.05
findfont: score(<Font 'Myanmar Text' (mmrtext.ttf) normal normal 400 normal>) = 10.05
findfont: score(<Font 'Gulim' (gulim.ttc) normal normal 400 normal>) = 10.05
findfont: score(<Font 'Calibri' (calibril.ttf) normal normal light normal>) = 10.24
findfont: score(<Font 'Mongolian Baiti' (monbaiti.ttf) normal normal 400 normal>) = 10.05
findfont: score(<Font 'Calibri' (calibrii.ttf) italic normal 400 normal>) = 11.05
findfont: score(<Font 'Comic Sans MS' (comicbd.ttf) normal normal bold normal>) = 10.335
findfont: score(<Font 'Wingdings 2' (WINGDNG2.TTF) normal normal 400 normal>) = 10.05
findfont: score(<Font 'Microsoft Tai Le' (taile.ttf) normal normal 400 normal>) = 10.05
findfont: score(<Font 'SimSun-ExtB' (simsunb.ttf) normal normal 400 normal>) = 10.05
findfont: score(<Font 'Consolas' (consolai.ttf) italic normal 400 normal>) = 11.05
findfont: score(<Font 'Corbel' (corbel.ttf) normal normal 400 normal>) = 10.05
findfont: score(<Font 'Georgia' (georgia.ttf) normal normal 400 normal>) = 10.05
findfont: score(<Font 'Consolas' (consola.ttf) normal normal 400 normal>) = 10.05
findfont: score(<Font 'Arial' (ARIALNB.TTF) normal normal bold condensed>) = 6.8986363636363635
findfont: score(<Font 'Yu Gothic' (YuGothR.ttc) normal normal regular normal>) = 10.05
findfont: score(<Font 'Segoe UI Emoji' (seguiemj.ttf) normal normal 400 normal>) = 10.05
findfont: score(<Font 'HYGraphic-Medium' (H2GPRM.TTF) normal normal medium normal>) = 10.145
findfont: score(<Font 'Century Gothic' (GOTHICBI.TTF) italic normal bold normal>) = 11.335
findfont: score(<Font 'Nirmala UI' (NirmalaB.ttf) normal normal bold normal>) = 10.335
findfont: score(<Font 'HoloLens MDL2 Assets' (holomdl2.ttf) normal normal 400 normal>) = 10.05
findfont: score(<Font 'NanumGothic' (NanumGothic.ttf) normal normal 400 normal>) = 10.05
findfont: score(<Font 'Wingdings' (wingding.ttf) normal normal 400 normal>) = 10.05
findfont: score(<Font 'HYPost-Light' (H2PORL.TTF) normal normal light normal>) = 10.24
findfont: score(<Font 'Arial' (arial.ttf) normal normal 400 normal>) = 6.413636363636363
findfont: score(<Font 'Palatino Linotype' (palai.ttf) italic normal 400 normal>) = 11.05
findfont: score(<Font 'Segoe UI' (seguili.ttf) italic normal light normal>) = 11.24
findfont: score(<Font 'Arial' (arialbi.ttf) italic normal bold normal>) = 7.698636363636363
findfont: score(<Font 'Trebuchet MS' (trebucbi.ttf) italic normal bold normal>) = 11.335
findfont: score(<Font 'Yu Gothic' (YuGothL.ttc) normal normal light normal>) = 10.24
findfont: score(<Font 'Batang' (batang.ttc) normal normal 400 normal>) = 10.05
findfont: score(<Font 'Sylfaen' (sylfaen.ttf) normal normal 400 normal>) = 10.05
findfont: score(<Font 'Headline R' (HMKMRHD.TTF) normal normal 400 normal>) = 10.05
findfont: score(<Font 'HCR Batang' (HANBatang.ttf) normal normal 400 normal>) = 10.05
findfont: score(<Font 'HYGothic-Extra' (H2GTRE.TTF) normal normal 400 normal>) = 10.05
findfont: score(<Font 'Constantia' (constanb.ttf) normal normal bold normal>) = 10.335
findfont: score(<Font 'Consolas' (consolab.ttf) normal normal bold normal>) = 10.335
findfont: score(<Font 'Garamond' (GARA.TTF) normal normal 400 normal>) = 10.05
findfont: score(<Font 'Century Gothic' (GOTHICB.TTF) normal normal bold normal>) = 10.335
findfont: score(<Font 'Cambria' (cambriai.ttf) italic normal 400 normal>) = 11.05
findfont: score(<Font 'Arial' (ariblk.ttf) normal normal black normal>) = 6.888636363636364
findfont: score(<Font 'Candara' (Candarai.ttf) italic normal 400 normal>) = 11.05
findfont: score(<Font 'Sitka Small' (SitkaI.ttc) italic normal 400 normal>) = 11.05
findfont: score(<Font 'Garamond' (GARAIT.TTF) italic normal 400 normal>) = 11.05
findfont: score(<Font 'MV Boli' (mvboli.ttf) normal normal 400 normal>) = 10.05
findfont: score(<Font 'Malgun Gothic' (malgun.ttf) normal normal 400 normal>) = 10.05
findfont: Matching :family=sans-serif:style=normal:variant=normal:weight=normal:stretch=normal:size=12.0 to DejaVu Sans ('E:\\Anaconda3\\envs\\cra\\lib\\site-packages\\matplotlib\\mpl-data\\fonts\\ttf\\DejaVuSans.ttf') with score of 0.050000.
[Epoch 0001/1000]	Epsilon:0.5000	#Expl.:137/262	#Buy:115	#Sell:93	#Hold:54	#Stocks:220	PV:₩11,661,000	POS:8	NEG:6	Loss:  0.201178
[Epoch 0002/1000]	Epsilon:0.4995	#Expl.:117/262	#Buy:63	#Sell:61	#Hold:138	#Stocks:20	PV:₩9,943,000	POS:2	NEG:2	Loss:  0.185366
[Epoch 0003/1000]	Epsilon:0.4990	#Expl.:137/262	#Buy:70	#Sell:68	#Hold:124	#Stocks:20	PV:₩9,906,500	POS:1	NEG:3	Loss:  0.185817
[Epoch 0004/1000]	Epsilon:0.4985	#Expl.:124/262	#Buy:75	#Sell:74	#Hold:113	#Stocks:10	PV:₩10,210,500	POS:4	NEG:0	Loss:  0.197230
[Epoch 0005/1000]	Epsilon:0.4980	#Expl.:135/262	#Buy:81	#Sell:80	#Hold:101	#Stocks:10	PV:₩10,231,500	POS:3	NEG:1	Loss:  0.184698
[Epoch 0006/1000]	Epsilon:0.4975	#Expl.:125/262	#Buy:110	#Sell:89	#Hold:63	#Stocks:210	PV:₩11,290,500	POS:6	NEG:1	Loss:  0.180077
[Epoch 0007/1000]	Epsilon:0.4970	#Expl.:144/262	#Buy:96	#Sell:75	#Hold:91	#Stocks:210	PV:₩11,268,000	POS:7	NEG:5	Loss:  0.199592
[Epoch 0008/1000]	Epsilon:0.4965	#Expl.:123/262	#Buy:79	#Sell:78	#Hold:105	#Stocks:10	PV:₩10,228,500	POS:2	NEG:2	Loss:  0.184503
[Epoch 0009/1000]	Epsilon:0.4960	#Expl.:130/262	#Buy:74	#Sell:73	#Hold:115	#Stocks:10	PV:₩10,195,500	POS:4	NEG:0	Loss:  0.186695
[Epoch 0010/1000]	Epsilon:0.4955	#Expl.:123/262	#Buy:72	#Sell:72	#Hold:118	#Stocks:0	PV:₩9,844,500	POS:1	NEG:3	Loss:  0.192819
[Epoch 0011/1000]	Epsilon:0.4950	#Expl.:118/262	#Buy:77	#Sell:74	#Hold:111	#Stocks:30	PV:₩10,013,000	POS:1	NEG:3	Loss:  0.183882
[Epoch 0012/1000]	Epsilon:0.4945	#Expl.:135/262	#Buy:102	#Sell:82	#Hold:78	#Stocks:200	PV:₩10,824,000	POS:1	NEG:3	Loss:  0.198600
[Epoch 0013/1000]	Epsilon:0.4940	#Expl.:134/262	#Buy:89	#Sell:69	#Hold:104	#Stocks:200	PV:₩11,247,000	POS:9	NEG:8	Loss:  0.180724
[Epoch 0014/1000]	Epsilon:0.4935	#Expl.:130/262	#Buy:70	#Sell:68	#Hold:124	#Stocks:20	PV:₩9,894,000	POS:1	NEG:3	Loss:  0.184053
[Epoch 0015/1000]	Epsilon:0.4930	#Expl.:135/262	#Buy:74	#Sell:71	#Hold:117	#Stocks:30	PV:₩9,889,500	POS:2	NEG:2	Loss:  0.188061
[Epoch 0016/1000]	Epsilon:0.4925	#Expl.:127/262	#Buy:85	#Sell:63	#Hold:114	#Stocks:220	PV:₩11,749,000	POS:6	NEG:3	Loss:  0.201214
[Epoch 0017/1000]	Epsilon:0.4920	#Expl.:113/262	#Buy:62	#Sell:61	#Hold:139	#Stocks:10	PV:₩10,000,500	POS:2	NEG:2	Loss:  0.185020
[Epoch 0018/1000]	Epsilon:0.4915	#Expl.:118/262	#Buy:74	#Sell:72	#Hold:116	#Stocks:20	PV:₩10,258,000	POS:4	NEG:0	Loss:  0.189148
[Epoch 0019/1000]	Epsilon:0.4910	#Expl.:140/262	#Buy:78	#Sell:78	#Hold:106	#Stocks:0	PV:₩9,863,500	POS:2	NEG:2	Loss:  0.186134
[Epoch 0020/1000]	Epsilon:0.4905	#Expl.:134/262	#Buy:76	#Sell:75	#Hold:111	#Stocks:10	PV:₩10,151,000	POS:4	NEG:0	Loss:  0.187629
[Epoch 0021/1000]	Epsilon:0.4900	#Expl.:131/262	#Buy:82	#Sell:82	#Hold:98	#Stocks:0	PV:₩9,842,500	POS:2	NEG:2	Loss:  0.199741
[Epoch 0022/1000]	Epsilon:0.4895	#Expl.:131/262	#Buy:103	#Sell:80	#Hold:79	#Stocks:230	PV:₩12,105,500	POS:6	NEG:3	Loss:  0.180187
[Epoch 0023/1000]	Epsilon:0.4890	#Expl.:136/262	#Buy:74	#Sell:52	#Hold:136	#Stocks:220	PV:₩11,586,000	POS:8	NEG:7	Loss:  0.202922
[Epoch 0024/1000]	Epsilon:0.4885	#Expl.:112/262	#Buy:64	#Sell:63	#Hold:135	#Stocks:10	PV:₩10,008,000	POS:2	NEG:2	Loss:  0.194981
